[2023-03-12 15:17:59] local.ERROR: Invalid view. {"exception":"[object] (InvalidArgumentException(code: 0): Invalid view. at /var/www/html/2toptech-admin/vendor/laravel/framework/src/Illuminate/Mail/Mailer.php:339)
[stacktrace]
#0 /var/www/html/2toptech-admin/vendor/laravel/framework/src/Illuminate/Mail/Mailer.php(264): Illuminate\\Mail\\Mailer->parseView()
#1 /var/www/html/2toptech-admin/vendor/laravel/framework/src/Illuminate/Mail/Mailable.php(187): Illuminate\\Mail\\Mailer->send()
#2 /var/www/html/2toptech-admin/vendor/laravel/framework/src/Illuminate/Support/Traits/Localizable.php(19): Illuminate\\Mail\\Mailable->Illuminate\\Mail\\{closure}()
#3 /var/www/html/2toptech-admin/vendor/laravel/framework/src/Illuminate/Mail/Mailable.php(188): Illuminate\\Mail\\Mailable->withLocale()
#4 /var/www/html/2toptech-admin/vendor/laravel/framework/src/Illuminate/Mail/Mailer.php(304): Illuminate\\Mail\\Mailable->send()
#5 /var/www/html/2toptech-admin/vendor/laravel/framework/src/Illuminate/Mail/Mailer.php(258): Illuminate\\Mail\\Mailer->sendMailable()
#6 /var/www/html/2toptech-admin/vendor/laravel/framework/src/Illuminate/Mail/PendingMail.php(124): Illuminate\\Mail\\Mailer->send()
#7 /var/www/html/2toptech-admin/app/Jobs/SendMailJob.php(37): Illuminate\\Mail\\PendingMail->send()
#8 /var/www/html/2toptech-admin/vendor/laravel/framework/src/Illuminate/Container/BoundMethod.php(36): App\\Jobs\\SendMailJob->handle()
#9 /var/www/html/2toptech-admin/vendor/laravel/framework/src/Illuminate/Container/Util.php(40): Illuminate\\Container\\BoundMethod::Illuminate\\Container\\{closure}()
#10 /var/www/html/2toptech-admin/vendor/laravel/framework/src/Illuminate/Container/BoundMethod.php(93): Illuminate\\Container\\Util::unwrapIfClosure()
#11 /var/www/html/2toptech-admin/vendor/laravel/framework/src/Illuminate/Container/BoundMethod.php(37): Illuminate\\Container\\BoundMethod::callBoundMethod()
#12 /var/www/html/2toptech-admin/vendor/laravel/framework/src/Illuminate/Container/Container.php(653): Illuminate\\Container\\BoundMethod::call()
#13 /var/www/html/2toptech-admin/vendor/laravel/framework/src/Illuminate/Bus/Dispatcher.php(128): Illuminate\\Container\\Container->call()
#14 /var/www/html/2toptech-admin/vendor/laravel/framework/src/Illuminate/Pipeline/Pipeline.php(128): Illuminate\\Bus\\Dispatcher->Illuminate\\Bus\\{closure}()
#15 /var/www/html/2toptech-admin/vendor/laravel/framework/src/Illuminate/Pipeline/Pipeline.php(103): Illuminate\\Pipeline\\Pipeline->Illuminate\\Pipeline\\{closure}()
#16 /var/www/html/2toptech-admin/vendor/laravel/framework/src/Illuminate/Bus/Dispatcher.php(132): Illuminate\\Pipeline\\Pipeline->then()
#17 /var/www/html/2toptech-admin/vendor/laravel/framework/src/Illuminate/Queue/CallQueuedHandler.php(120): Illuminate\\Bus\\Dispatcher->dispatchNow()
#18 /var/www/html/2toptech-admin/vendor/laravel/framework/src/Illuminate/Pipeline/Pipeline.php(128): Illuminate\\Queue\\CallQueuedHandler->Illuminate\\Queue\\{closure}()
#19 /var/www/html/2toptech-admin/vendor/laravel/framework/src/Illuminate/Pipeline/Pipeline.php(103): Illuminate\\Pipeline\\Pipeline->Illuminate\\Pipeline\\{closure}()
#20 /var/www/html/2toptech-admin/vendor/laravel/framework/src/Illuminate/Queue/CallQueuedHandler.php(122): Illuminate\\Pipeline\\Pipeline->then()
#21 /var/www/html/2toptech-admin/vendor/laravel/framework/src/Illuminate/Queue/CallQueuedHandler.php(70): Illuminate\\Queue\\CallQueuedHandler->dispatchThroughMiddleware()
#22 /var/www/html/2toptech-admin/vendor/laravel/framework/src/Illuminate/Queue/Jobs/Job.php(98): Illuminate\\Queue\\CallQueuedHandler->call()
#23 /var/www/html/2toptech-admin/vendor/laravel/framework/src/Illuminate/Queue/Worker.php(428): Illuminate\\Queue\\Jobs\\Job->fire()
#24 /var/www/html/2toptech-admin/vendor/laravel/framework/src/Illuminate/Queue/Worker.php(378): Illuminate\\Queue\\Worker->process()
#25 /var/www/html/2toptech-admin/vendor/laravel/framework/src/Illuminate/Queue/Worker.php(172): Illuminate\\Queue\\Worker->runJob()
#26 /var/www/html/2toptech-admin/vendor/laravel/framework/src/Illuminate/Queue/Console/WorkCommand.php(117): Illuminate\\Queue\\Worker->daemon()
#27 /var/www/html/2toptech-admin/vendor/laravel/framework/src/Illuminate/Queue/Console/WorkCommand.php(101): Illuminate\\Queue\\Console\\WorkCommand->runWorker()
#28 /var/www/html/2toptech-admin/vendor/laravel/framework/src/Illuminate/Container/BoundMethod.php(36): Illuminate\\Queue\\Console\\WorkCommand->handle()
#29 /var/www/html/2toptech-admin/vendor/laravel/framework/src/Illuminate/Container/Util.php(40): Illuminate\\Container\\BoundMethod::Illuminate\\Container\\{closure}()
#30 /var/www/html/2toptech-admin/vendor/laravel/framework/src/Illuminate/Container/BoundMethod.php(93): Illuminate\\Container\\Util::unwrapIfClosure()
#31 /var/www/html/2toptech-admin/vendor/laravel/framework/src/Illuminate/Container/BoundMethod.php(37): Illuminate\\Container\\BoundMethod::callBoundMethod()
#32 /var/www/html/2toptech-admin/vendor/laravel/framework/src/Illuminate/Container/Container.php(653): Illuminate\\Container\\BoundMethod::call()
#33 /var/www/html/2toptech-admin/vendor/laravel/framework/src/Illuminate/Console/Command.php(136): Illuminate\\Container\\Container->call()
#34 /var/www/html/2toptech-admin/vendor/symfony/console/Command/Command.php(298): Illuminate\\Console\\Command->execute()
#35 /var/www/html/2toptech-admin/vendor/laravel/framework/src/Illuminate/Console/Command.php(121): Symfony\\Component\\Console\\Command\\Command->run()
#36 /var/www/html/2toptech-admin/vendor/symfony/console/Application.php(1040): Illuminate\\Console\\Command->run()
#37 /var/www/html/2toptech-admin/vendor/symfony/console/Application.php(301): Symfony\\Component\\Console\\Application->doRunCommand()
#38 /var/www/html/2toptech-admin/vendor/symfony/console/Application.php(171): Symfony\\Component\\Console\\Application->doRun()
#39 /var/www/html/2toptech-admin/vendor/laravel/framework/src/Illuminate/Console/Application.php(94): Symfony\\Component\\Console\\Application->run()
#40 /var/www/html/2toptech-admin/vendor/laravel/framework/src/Illuminate/Foundation/Console/Kernel.php(129): Illuminate\\Console\\Application->run()
#41 /var/www/html/2toptech-admin/artisan(37): Illuminate\\Foundation\\Console\\Kernel->handle()
#42 {main}
"} 
[2023-03-12 15:29:18] local.ERROR: syntax error, unexpected token "}", expecting ";" {"exception":"[object] (ParseError(code: 0): syntax error, unexpected token \"}\", expecting \";\" at /var/www/html/2toptech-admin/app/Mail/SendMail.php:41)
[stacktrace]
#0 /var/www/html/2toptech-admin/vendor/composer/ClassLoader.php(428): Composer\\Autoload\\includeFile()
#1 /var/www/html/2toptech-admin/app/Jobs/SendMailJob.php(36): Composer\\Autoload\\ClassLoader->loadClass()
#2 /var/www/html/2toptech-admin/vendor/laravel/framework/src/Illuminate/Container/BoundMethod.php(36): App\\Jobs\\SendMailJob->handle()
#3 /var/www/html/2toptech-admin/vendor/laravel/framework/src/Illuminate/Container/Util.php(40): Illuminate\\Container\\BoundMethod::Illuminate\\Container\\{closure}()
#4 /var/www/html/2toptech-admin/vendor/laravel/framework/src/Illuminate/Container/BoundMethod.php(93): Illuminate\\Container\\Util::unwrapIfClosure()
#5 /var/www/html/2toptech-admin/vendor/laravel/framework/src/Illuminate/Container/BoundMethod.php(37): Illuminate\\Container\\BoundMethod::callBoundMethod()
#6 /var/www/html/2toptech-admin/vendor/laravel/framework/src/Illuminate/Container/Container.php(653): Illuminate\\Container\\BoundMethod::call()
#7 /var/www/html/2toptech-admin/vendor/laravel/framework/src/Illuminate/Bus/Dispatcher.php(128): Illuminate\\Container\\Container->call()
#8 /var/www/html/2toptech-admin/vendor/laravel/framework/src/Illuminate/Pipeline/Pipeline.php(128): Illuminate\\Bus\\Dispatcher->Illuminate\\Bus\\{closure}()
#9 /var/www/html/2toptech-admin/vendor/laravel/framework/src/Illuminate/Pipeline/Pipeline.php(103): Illuminate\\Pipeline\\Pipeline->Illuminate\\Pipeline\\{closure}()
#10 /var/www/html/2toptech-admin/vendor/laravel/framework/src/Illuminate/Bus/Dispatcher.php(132): Illuminate\\Pipeline\\Pipeline->then()
#11 /var/www/html/2toptech-admin/vendor/laravel/framework/src/Illuminate/Queue/CallQueuedHandler.php(120): Illuminate\\Bus\\Dispatcher->dispatchNow()
#12 /var/www/html/2toptech-admin/vendor/laravel/framework/src/Illuminate/Pipeline/Pipeline.php(128): Illuminate\\Queue\\CallQueuedHandler->Illuminate\\Queue\\{closure}()
#13 /var/www/html/2toptech-admin/vendor/laravel/framework/src/Illuminate/Pipeline/Pipeline.php(103): Illuminate\\Pipeline\\Pipeline->Illuminate\\Pipeline\\{closure}()
#14 /var/www/html/2toptech-admin/vendor/laravel/framework/src/Illuminate/Queue/CallQueuedHandler.php(122): Illuminate\\Pipeline\\Pipeline->then()
#15 /var/www/html/2toptech-admin/vendor/laravel/framework/src/Illuminate/Queue/CallQueuedHandler.php(70): Illuminate\\Queue\\CallQueuedHandler->dispatchThroughMiddleware()
#16 /var/www/html/2toptech-admin/vendor/laravel/framework/src/Illuminate/Queue/Jobs/Job.php(98): Illuminate\\Queue\\CallQueuedHandler->call()
#17 /var/www/html/2toptech-admin/vendor/laravel/framework/src/Illuminate/Queue/Worker.php(428): Illuminate\\Queue\\Jobs\\Job->fire()
#18 /var/www/html/2toptech-admin/vendor/laravel/framework/src/Illuminate/Queue/Worker.php(378): Illuminate\\Queue\\Worker->process()
#19 /var/www/html/2toptech-admin/vendor/laravel/framework/src/Illuminate/Queue/Worker.php(172): Illuminate\\Queue\\Worker->runJob()
#20 /var/www/html/2toptech-admin/vendor/laravel/framework/src/Illuminate/Queue/Console/WorkCommand.php(117): Illuminate\\Queue\\Worker->daemon()
#21 /var/www/html/2toptech-admin/vendor/laravel/framework/src/Illuminate/Queue/Console/WorkCommand.php(101): Illuminate\\Queue\\Console\\WorkCommand->runWorker()
#22 /var/www/html/2toptech-admin/vendor/laravel/framework/src/Illuminate/Container/BoundMethod.php(36): Illuminate\\Queue\\Console\\WorkCommand->handle()
#23 /var/www/html/2toptech-admin/vendor/laravel/framework/src/Illuminate/Container/Util.php(40): Illuminate\\Container\\BoundMethod::Illuminate\\Container\\{closure}()
#24 /var/www/html/2toptech-admin/vendor/laravel/framework/src/Illuminate/Container/BoundMethod.php(93): Illuminate\\Container\\Util::unwrapIfClosure()
#25 /var/www/html/2toptech-admin/vendor/laravel/framework/src/Illuminate/Container/BoundMethod.php(37): Illuminate\\Container\\BoundMethod::callBoundMethod()
#26 /var/www/html/2toptech-admin/vendor/laravel/framework/src/Illuminate/Container/Container.php(653): Illuminate\\Container\\BoundMethod::call()
#27 /var/www/html/2toptech-admin/vendor/laravel/framework/src/Illuminate/Console/Command.php(136): Illuminate\\Container\\Container->call()
#28 /var/www/html/2toptech-admin/vendor/symfony/console/Command/Command.php(298): Illuminate\\Console\\Command->execute()
#29 /var/www/html/2toptech-admin/vendor/laravel/framework/src/Illuminate/Console/Command.php(121): Symfony\\Component\\Console\\Command\\Command->run()
#30 /var/www/html/2toptech-admin/vendor/symfony/console/Application.php(1040): Illuminate\\Console\\Command->run()
#31 /var/www/html/2toptech-admin/vendor/symfony/console/Application.php(301): Symfony\\Component\\Console\\Application->doRunCommand()
#32 /var/www/html/2toptech-admin/vendor/symfony/console/Application.php(171): Symfony\\Component\\Console\\Application->doRun()
#33 /var/www/html/2toptech-admin/vendor/laravel/framework/src/Illuminate/Console/Application.php(94): Symfony\\Component\\Console\\Application->run()
#34 /var/www/html/2toptech-admin/vendor/laravel/framework/src/Illuminate/Foundation/Console/Kernel.php(129): Illuminate\\Console\\Application->run()
#35 /var/www/html/2toptech-admin/artisan(37): Illuminate\\Foundation\\Console\\Kernel->handle()
#36 {main}
"} 
[2023-03-12 15:30:21] local.ERROR: Method Illuminate\Mail\Mailer::from does not exist. {"exception":"[object] (BadMethodCallException(code: 0): Method Illuminate\\Mail\\Mailer::from does not exist. at /var/www/html/2toptech-admin/vendor/laravel/framework/src/Illuminate/Macroable/Traits/Macroable.php:113)
[stacktrace]
#0 /var/www/html/2toptech-admin/vendor/laravel/framework/src/Illuminate/Mail/MailManager.php(550): Illuminate\\Mail\\Mailer->__call()
#1 /var/www/html/2toptech-admin/vendor/laravel/framework/src/Illuminate/Support/Facades/Facade.php(261): Illuminate\\Mail\\MailManager->__call()
#2 /var/www/html/2toptech-admin/app/Jobs/SendMailJob.php(37): Illuminate\\Support\\Facades\\Facade::__callStatic()
#3 /var/www/html/2toptech-admin/vendor/laravel/framework/src/Illuminate/Container/BoundMethod.php(36): App\\Jobs\\SendMailJob->handle()
#4 /var/www/html/2toptech-admin/vendor/laravel/framework/src/Illuminate/Container/Util.php(40): Illuminate\\Container\\BoundMethod::Illuminate\\Container\\{closure}()
#5 /var/www/html/2toptech-admin/vendor/laravel/framework/src/Illuminate/Container/BoundMethod.php(93): Illuminate\\Container\\Util::unwrapIfClosure()
#6 /var/www/html/2toptech-admin/vendor/laravel/framework/src/Illuminate/Container/BoundMethod.php(37): Illuminate\\Container\\BoundMethod::callBoundMethod()
#7 /var/www/html/2toptech-admin/vendor/laravel/framework/src/Illuminate/Container/Container.php(653): Illuminate\\Container\\BoundMethod::call()
#8 /var/www/html/2toptech-admin/vendor/laravel/framework/src/Illuminate/Bus/Dispatcher.php(128): Illuminate\\Container\\Container->call()
#9 /var/www/html/2toptech-admin/vendor/laravel/framework/src/Illuminate/Pipeline/Pipeline.php(128): Illuminate\\Bus\\Dispatcher->Illuminate\\Bus\\{closure}()
#10 /var/www/html/2toptech-admin/vendor/laravel/framework/src/Illuminate/Pipeline/Pipeline.php(103): Illuminate\\Pipeline\\Pipeline->Illuminate\\Pipeline\\{closure}()
#11 /var/www/html/2toptech-admin/vendor/laravel/framework/src/Illuminate/Bus/Dispatcher.php(132): Illuminate\\Pipeline\\Pipeline->then()
#12 /var/www/html/2toptech-admin/vendor/laravel/framework/src/Illuminate/Queue/CallQueuedHandler.php(120): Illuminate\\Bus\\Dispatcher->dispatchNow()
#13 /var/www/html/2toptech-admin/vendor/laravel/framework/src/Illuminate/Pipeline/Pipeline.php(128): Illuminate\\Queue\\CallQueuedHandler->Illuminate\\Queue\\{closure}()
#14 /var/www/html/2toptech-admin/vendor/laravel/framework/src/Illuminate/Pipeline/Pipeline.php(103): Illuminate\\Pipeline\\Pipeline->Illuminate\\Pipeline\\{closure}()
#15 /var/www/html/2toptech-admin/vendor/laravel/framework/src/Illuminate/Queue/CallQueuedHandler.php(122): Illuminate\\Pipeline\\Pipeline->then()
#16 /var/www/html/2toptech-admin/vendor/laravel/framework/src/Illuminate/Queue/CallQueuedHandler.php(70): Illuminate\\Queue\\CallQueuedHandler->dispatchThroughMiddleware()
#17 /var/www/html/2toptech-admin/vendor/laravel/framework/src/Illuminate/Queue/Jobs/Job.php(98): Illuminate\\Queue\\CallQueuedHandler->call()
#18 /var/www/html/2toptech-admin/vendor/laravel/framework/src/Illuminate/Queue/Worker.php(428): Illuminate\\Queue\\Jobs\\Job->fire()
#19 /var/www/html/2toptech-admin/vendor/laravel/framework/src/Illuminate/Queue/Worker.php(378): Illuminate\\Queue\\Worker->process()
#20 /var/www/html/2toptech-admin/vendor/laravel/framework/src/Illuminate/Queue/Worker.php(172): Illuminate\\Queue\\Worker->runJob()
#21 /var/www/html/2toptech-admin/vendor/laravel/framework/src/Illuminate/Queue/Console/WorkCommand.php(117): Illuminate\\Queue\\Worker->daemon()
#22 /var/www/html/2toptech-admin/vendor/laravel/framework/src/Illuminate/Queue/Console/WorkCommand.php(101): Illuminate\\Queue\\Console\\WorkCommand->runWorker()
#23 /var/www/html/2toptech-admin/vendor/laravel/framework/src/Illuminate/Container/BoundMethod.php(36): Illuminate\\Queue\\Console\\WorkCommand->handle()
#24 /var/www/html/2toptech-admin/vendor/laravel/framework/src/Illuminate/Container/Util.php(40): Illuminate\\Container\\BoundMethod::Illuminate\\Container\\{closure}()
#25 /var/www/html/2toptech-admin/vendor/laravel/framework/src/Illuminate/Container/BoundMethod.php(93): Illuminate\\Container\\Util::unwrapIfClosure()
#26 /var/www/html/2toptech-admin/vendor/laravel/framework/src/Illuminate/Container/BoundMethod.php(37): Illuminate\\Container\\BoundMethod::callBoundMethod()
#27 /var/www/html/2toptech-admin/vendor/laravel/framework/src/Illuminate/Container/Container.php(653): Illuminate\\Container\\BoundMethod::call()
#28 /var/www/html/2toptech-admin/vendor/laravel/framework/src/Illuminate/Console/Command.php(136): Illuminate\\Container\\Container->call()
#29 /var/www/html/2toptech-admin/vendor/symfony/console/Command/Command.php(298): Illuminate\\Console\\Command->execute()
#30 /var/www/html/2toptech-admin/vendor/laravel/framework/src/Illuminate/Console/Command.php(121): Symfony\\Component\\Console\\Command\\Command->run()
#31 /var/www/html/2toptech-admin/vendor/symfony/console/Application.php(1040): Illuminate\\Console\\Command->run()
#32 /var/www/html/2toptech-admin/vendor/symfony/console/Application.php(301): Symfony\\Component\\Console\\Application->doRunCommand()
#33 /var/www/html/2toptech-admin/vendor/symfony/console/Application.php(171): Symfony\\Component\\Console\\Application->doRun()
#34 /var/www/html/2toptech-admin/vendor/laravel/framework/src/Illuminate/Console/Application.php(94): Symfony\\Component\\Console\\Application->run()
#35 /var/www/html/2toptech-admin/vendor/laravel/framework/src/Illuminate/Foundation/Console/Kernel.php(129): Illuminate\\Console\\Application->run()
#36 /var/www/html/2toptech-admin/artisan(37): Illuminate\\Foundation\\Console\\Kernel->handle()
#37 {main}
"} 
[2023-03-12 15:30:27] local.ERROR: Method Illuminate\Mail\Mailer::from does not exist. {"exception":"[object] (BadMethodCallException(code: 0): Method Illuminate\\Mail\\Mailer::from does not exist. at /var/www/html/2toptech-admin/vendor/laravel/framework/src/Illuminate/Macroable/Traits/Macroable.php:113)
[stacktrace]
#0 /var/www/html/2toptech-admin/vendor/laravel/framework/src/Illuminate/Mail/MailManager.php(550): Illuminate\\Mail\\Mailer->__call()
#1 /var/www/html/2toptech-admin/vendor/laravel/framework/src/Illuminate/Support/Facades/Facade.php(261): Illuminate\\Mail\\MailManager->__call()
#2 /var/www/html/2toptech-admin/app/Jobs/SendMailJob.php(37): Illuminate\\Support\\Facades\\Facade::__callStatic()
#3 /var/www/html/2toptech-admin/vendor/laravel/framework/src/Illuminate/Container/BoundMethod.php(36): App\\Jobs\\SendMailJob->handle()
#4 /var/www/html/2toptech-admin/vendor/laravel/framework/src/Illuminate/Container/Util.php(40): Illuminate\\Container\\BoundMethod::Illuminate\\Container\\{closure}()
#5 /var/www/html/2toptech-admin/vendor/laravel/framework/src/Illuminate/Container/BoundMethod.php(93): Illuminate\\Container\\Util::unwrapIfClosure()
#6 /var/www/html/2toptech-admin/vendor/laravel/framework/src/Illuminate/Container/BoundMethod.php(37): Illuminate\\Container\\BoundMethod::callBoundMethod()
#7 /var/www/html/2toptech-admin/vendor/laravel/framework/src/Illuminate/Container/Container.php(653): Illuminate\\Container\\BoundMethod::call()
#8 /var/www/html/2toptech-admin/vendor/laravel/framework/src/Illuminate/Bus/Dispatcher.php(128): Illuminate\\Container\\Container->call()
#9 /var/www/html/2toptech-admin/vendor/laravel/framework/src/Illuminate/Pipeline/Pipeline.php(128): Illuminate\\Bus\\Dispatcher->Illuminate\\Bus\\{closure}()
#10 /var/www/html/2toptech-admin/vendor/laravel/framework/src/Illuminate/Pipeline/Pipeline.php(103): Illuminate\\Pipeline\\Pipeline->Illuminate\\Pipeline\\{closure}()
#11 /var/www/html/2toptech-admin/vendor/laravel/framework/src/Illuminate/Bus/Dispatcher.php(132): Illuminate\\Pipeline\\Pipeline->then()
#12 /var/www/html/2toptech-admin/vendor/laravel/framework/src/Illuminate/Queue/CallQueuedHandler.php(120): Illuminate\\Bus\\Dispatcher->dispatchNow()
#13 /var/www/html/2toptech-admin/vendor/laravel/framework/src/Illuminate/Pipeline/Pipeline.php(128): Illuminate\\Queue\\CallQueuedHandler->Illuminate\\Queue\\{closure}()
#14 /var/www/html/2toptech-admin/vendor/laravel/framework/src/Illuminate/Pipeline/Pipeline.php(103): Illuminate\\Pipeline\\Pipeline->Illuminate\\Pipeline\\{closure}()
#15 /var/www/html/2toptech-admin/vendor/laravel/framework/src/Illuminate/Queue/CallQueuedHandler.php(122): Illuminate\\Pipeline\\Pipeline->then()
#16 /var/www/html/2toptech-admin/vendor/laravel/framework/src/Illuminate/Queue/CallQueuedHandler.php(70): Illuminate\\Queue\\CallQueuedHandler->dispatchThroughMiddleware()
#17 /var/www/html/2toptech-admin/vendor/laravel/framework/src/Illuminate/Queue/Jobs/Job.php(98): Illuminate\\Queue\\CallQueuedHandler->call()
#18 /var/www/html/2toptech-admin/vendor/laravel/framework/src/Illuminate/Queue/Worker.php(428): Illuminate\\Queue\\Jobs\\Job->fire()
#19 /var/www/html/2toptech-admin/vendor/laravel/framework/src/Illuminate/Queue/Worker.php(378): Illuminate\\Queue\\Worker->process()
#20 /var/www/html/2toptech-admin/vendor/laravel/framework/src/Illuminate/Queue/Worker.php(172): Illuminate\\Queue\\Worker->runJob()
#21 /var/www/html/2toptech-admin/vendor/laravel/framework/src/Illuminate/Queue/Console/WorkCommand.php(117): Illuminate\\Queue\\Worker->daemon()
#22 /var/www/html/2toptech-admin/vendor/laravel/framework/src/Illuminate/Queue/Console/WorkCommand.php(101): Illuminate\\Queue\\Console\\WorkCommand->runWorker()
#23 /var/www/html/2toptech-admin/vendor/laravel/framework/src/Illuminate/Container/BoundMethod.php(36): Illuminate\\Queue\\Console\\WorkCommand->handle()
#24 /var/www/html/2toptech-admin/vendor/laravel/framework/src/Illuminate/Container/Util.php(40): Illuminate\\Container\\BoundMethod::Illuminate\\Container\\{closure}()
#25 /var/www/html/2toptech-admin/vendor/laravel/framework/src/Illuminate/Container/BoundMethod.php(93): Illuminate\\Container\\Util::unwrapIfClosure()
#26 /var/www/html/2toptech-admin/vendor/laravel/framework/src/Illuminate/Container/BoundMethod.php(37): Illuminate\\Container\\BoundMethod::callBoundMethod()
#27 /var/www/html/2toptech-admin/vendor/laravel/framework/src/Illuminate/Container/Container.php(653): Illuminate\\Container\\BoundMethod::call()
#28 /var/www/html/2toptech-admin/vendor/laravel/framework/src/Illuminate/Console/Command.php(136): Illuminate\\Container\\Container->call()
#29 /var/www/html/2toptech-admin/vendor/symfony/console/Command/Command.php(298): Illuminate\\Console\\Command->execute()
#30 /var/www/html/2toptech-admin/vendor/laravel/framework/src/Illuminate/Console/Command.php(121): Symfony\\Component\\Console\\Command\\Command->run()
#31 /var/www/html/2toptech-admin/vendor/symfony/console/Application.php(1040): Illuminate\\Console\\Command->run()
#32 /var/www/html/2toptech-admin/vendor/symfony/console/Application.php(301): Symfony\\Component\\Console\\Application->doRunCommand()
#33 /var/www/html/2toptech-admin/vendor/symfony/console/Application.php(171): Symfony\\Component\\Console\\Application->doRun()
#34 /var/www/html/2toptech-admin/vendor/laravel/framework/src/Illuminate/Console/Application.php(94): Symfony\\Component\\Console\\Application->run()
#35 /var/www/html/2toptech-admin/vendor/laravel/framework/src/Illuminate/Foundation/Console/Kernel.php(129): Illuminate\\Console\\Application->run()
#36 /var/www/html/2toptech-admin/artisan(37): Illuminate\\Foundation\\Console\\Kernel->handle()
#37 {main}
"} 
[2023-03-12 15:30:48] local.ERROR: Method Illuminate\Mail\Mailer::from does not exist. {"exception":"[object] (BadMethodCallException(code: 0): Method Illuminate\\Mail\\Mailer::from does not exist. at /var/www/html/2toptech-admin/vendor/laravel/framework/src/Illuminate/Macroable/Traits/Macroable.php:113)
[stacktrace]
#0 /var/www/html/2toptech-admin/vendor/laravel/framework/src/Illuminate/Mail/MailManager.php(550): Illuminate\\Mail\\Mailer->__call()
#1 /var/www/html/2toptech-admin/vendor/laravel/framework/src/Illuminate/Support/Facades/Facade.php(261): Illuminate\\Mail\\MailManager->__call()
#2 /var/www/html/2toptech-admin/app/Jobs/SendMailJob.php(37): Illuminate\\Support\\Facades\\Facade::__callStatic()
#3 /var/www/html/2toptech-admin/vendor/laravel/framework/src/Illuminate/Container/BoundMethod.php(36): App\\Jobs\\SendMailJob->handle()
#4 /var/www/html/2toptech-admin/vendor/laravel/framework/src/Illuminate/Container/Util.php(40): Illuminate\\Container\\BoundMethod::Illuminate\\Container\\{closure}()
#5 /var/www/html/2toptech-admin/vendor/laravel/framework/src/Illuminate/Container/BoundMethod.php(93): Illuminate\\Container\\Util::unwrapIfClosure()
#6 /var/www/html/2toptech-admin/vendor/laravel/framework/src/Illuminate/Container/BoundMethod.php(37): Illuminate\\Container\\BoundMethod::callBoundMethod()
#7 /var/www/html/2toptech-admin/vendor/laravel/framework/src/Illuminate/Container/Container.php(653): Illuminate\\Container\\BoundMethod::call()
#8 /var/www/html/2toptech-admin/vendor/laravel/framework/src/Illuminate/Bus/Dispatcher.php(128): Illuminate\\Container\\Container->call()
#9 /var/www/html/2toptech-admin/vendor/laravel/framework/src/Illuminate/Pipeline/Pipeline.php(128): Illuminate\\Bus\\Dispatcher->Illuminate\\Bus\\{closure}()
#10 /var/www/html/2toptech-admin/vendor/laravel/framework/src/Illuminate/Pipeline/Pipeline.php(103): Illuminate\\Pipeline\\Pipeline->Illuminate\\Pipeline\\{closure}()
#11 /var/www/html/2toptech-admin/vendor/laravel/framework/src/Illuminate/Bus/Dispatcher.php(132): Illuminate\\Pipeline\\Pipeline->then()
#12 /var/www/html/2toptech-admin/vendor/laravel/framework/src/Illuminate/Queue/CallQueuedHandler.php(120): Illuminate\\Bus\\Dispatcher->dispatchNow()
#13 /var/www/html/2toptech-admin/vendor/laravel/framework/src/Illuminate/Pipeline/Pipeline.php(128): Illuminate\\Queue\\CallQueuedHandler->Illuminate\\Queue\\{closure}()
#14 /var/www/html/2toptech-admin/vendor/laravel/framework/src/Illuminate/Pipeline/Pipeline.php(103): Illuminate\\Pipeline\\Pipeline->Illuminate\\Pipeline\\{closure}()
#15 /var/www/html/2toptech-admin/vendor/laravel/framework/src/Illuminate/Queue/CallQueuedHandler.php(122): Illuminate\\Pipeline\\Pipeline->then()
#16 /var/www/html/2toptech-admin/vendor/laravel/framework/src/Illuminate/Queue/CallQueuedHandler.php(70): Illuminate\\Queue\\CallQueuedHandler->dispatchThroughMiddleware()
#17 /var/www/html/2toptech-admin/vendor/laravel/framework/src/Illuminate/Queue/Jobs/Job.php(98): Illuminate\\Queue\\CallQueuedHandler->call()
#18 /var/www/html/2toptech-admin/vendor/laravel/framework/src/Illuminate/Queue/Worker.php(428): Illuminate\\Queue\\Jobs\\Job->fire()
#19 /var/www/html/2toptech-admin/vendor/laravel/framework/src/Illuminate/Queue/Worker.php(378): Illuminate\\Queue\\Worker->process()
#20 /var/www/html/2toptech-admin/vendor/laravel/framework/src/Illuminate/Queue/Worker.php(172): Illuminate\\Queue\\Worker->runJob()
#21 /var/www/html/2toptech-admin/vendor/laravel/framework/src/Illuminate/Queue/Console/WorkCommand.php(117): Illuminate\\Queue\\Worker->daemon()
#22 /var/www/html/2toptech-admin/vendor/laravel/framework/src/Illuminate/Queue/Console/WorkCommand.php(101): Illuminate\\Queue\\Console\\WorkCommand->runWorker()
#23 /var/www/html/2toptech-admin/vendor/laravel/framework/src/Illuminate/Container/BoundMethod.php(36): Illuminate\\Queue\\Console\\WorkCommand->handle()
#24 /var/www/html/2toptech-admin/vendor/laravel/framework/src/Illuminate/Container/Util.php(40): Illuminate\\Container\\BoundMethod::Illuminate\\Container\\{closure}()
#25 /var/www/html/2toptech-admin/vendor/laravel/framework/src/Illuminate/Container/BoundMethod.php(93): Illuminate\\Container\\Util::unwrapIfClosure()
#26 /var/www/html/2toptech-admin/vendor/laravel/framework/src/Illuminate/Container/BoundMethod.php(37): Illuminate\\Container\\BoundMethod::callBoundMethod()
#27 /var/www/html/2toptech-admin/vendor/laravel/framework/src/Illuminate/Container/Container.php(653): Illuminate\\Container\\BoundMethod::call()
#28 /var/www/html/2toptech-admin/vendor/laravel/framework/src/Illuminate/Console/Command.php(136): Illuminate\\Container\\Container->call()
#29 /var/www/html/2toptech-admin/vendor/symfony/console/Command/Command.php(298): Illuminate\\Console\\Command->execute()
#30 /var/www/html/2toptech-admin/vendor/laravel/framework/src/Illuminate/Console/Command.php(121): Symfony\\Component\\Console\\Command\\Command->run()
#31 /var/www/html/2toptech-admin/vendor/symfony/console/Application.php(1040): Illuminate\\Console\\Command->run()
#32 /var/www/html/2toptech-admin/vendor/symfony/console/Application.php(301): Symfony\\Component\\Console\\Application->doRunCommand()
#33 /var/www/html/2toptech-admin/vendor/symfony/console/Application.php(171): Symfony\\Component\\Console\\Application->doRun()
#34 /var/www/html/2toptech-admin/vendor/laravel/framework/src/Illuminate/Console/Application.php(94): Symfony\\Component\\Console\\Application->run()
#35 /var/www/html/2toptech-admin/vendor/laravel/framework/src/Illuminate/Foundation/Console/Kernel.php(129): Illuminate\\Console\\Application->run()
#36 /var/www/html/2toptech-admin/artisan(37): Illuminate\\Foundation\\Console\\Kernel->handle()
#37 {main}
"} 
[2023-03-12 15:30:57] local.ERROR: Method Illuminate\Mail\Mailer::from does not exist. {"exception":"[object] (BadMethodCallException(code: 0): Method Illuminate\\Mail\\Mailer::from does not exist. at /var/www/html/2toptech-admin/vendor/laravel/framework/src/Illuminate/Macroable/Traits/Macroable.php:113)
[stacktrace]
#0 /var/www/html/2toptech-admin/vendor/laravel/framework/src/Illuminate/Mail/MailManager.php(550): Illuminate\\Mail\\Mailer->__call()
#1 /var/www/html/2toptech-admin/vendor/laravel/framework/src/Illuminate/Support/Facades/Facade.php(261): Illuminate\\Mail\\MailManager->__call()
#2 /var/www/html/2toptech-admin/app/Jobs/SendMailJob.php(37): Illuminate\\Support\\Facades\\Facade::__callStatic()
#3 /var/www/html/2toptech-admin/vendor/laravel/framework/src/Illuminate/Container/BoundMethod.php(36): App\\Jobs\\SendMailJob->handle()
#4 /var/www/html/2toptech-admin/vendor/laravel/framework/src/Illuminate/Container/Util.php(40): Illuminate\\Container\\BoundMethod::Illuminate\\Container\\{closure}()
#5 /var/www/html/2toptech-admin/vendor/laravel/framework/src/Illuminate/Container/BoundMethod.php(93): Illuminate\\Container\\Util::unwrapIfClosure()
#6 /var/www/html/2toptech-admin/vendor/laravel/framework/src/Illuminate/Container/BoundMethod.php(37): Illuminate\\Container\\BoundMethod::callBoundMethod()
#7 /var/www/html/2toptech-admin/vendor/laravel/framework/src/Illuminate/Container/Container.php(653): Illuminate\\Container\\BoundMethod::call()
#8 /var/www/html/2toptech-admin/vendor/laravel/framework/src/Illuminate/Bus/Dispatcher.php(128): Illuminate\\Container\\Container->call()
#9 /var/www/html/2toptech-admin/vendor/laravel/framework/src/Illuminate/Pipeline/Pipeline.php(128): Illuminate\\Bus\\Dispatcher->Illuminate\\Bus\\{closure}()
#10 /var/www/html/2toptech-admin/vendor/laravel/framework/src/Illuminate/Pipeline/Pipeline.php(103): Illuminate\\Pipeline\\Pipeline->Illuminate\\Pipeline\\{closure}()
#11 /var/www/html/2toptech-admin/vendor/laravel/framework/src/Illuminate/Bus/Dispatcher.php(132): Illuminate\\Pipeline\\Pipeline->then()
#12 /var/www/html/2toptech-admin/vendor/laravel/framework/src/Illuminate/Queue/CallQueuedHandler.php(120): Illuminate\\Bus\\Dispatcher->dispatchNow()
#13 /var/www/html/2toptech-admin/vendor/laravel/framework/src/Illuminate/Pipeline/Pipeline.php(128): Illuminate\\Queue\\CallQueuedHandler->Illuminate\\Queue\\{closure}()
#14 /var/www/html/2toptech-admin/vendor/laravel/framework/src/Illuminate/Pipeline/Pipeline.php(103): Illuminate\\Pipeline\\Pipeline->Illuminate\\Pipeline\\{closure}()
#15 /var/www/html/2toptech-admin/vendor/laravel/framework/src/Illuminate/Queue/CallQueuedHandler.php(122): Illuminate\\Pipeline\\Pipeline->then()
#16 /var/www/html/2toptech-admin/vendor/laravel/framework/src/Illuminate/Queue/CallQueuedHandler.php(70): Illuminate\\Queue\\CallQueuedHandler->dispatchThroughMiddleware()
#17 /var/www/html/2toptech-admin/vendor/laravel/framework/src/Illuminate/Queue/Jobs/Job.php(98): Illuminate\\Queue\\CallQueuedHandler->call()
#18 /var/www/html/2toptech-admin/vendor/laravel/framework/src/Illuminate/Queue/Worker.php(428): Illuminate\\Queue\\Jobs\\Job->fire()
#19 /var/www/html/2toptech-admin/vendor/laravel/framework/src/Illuminate/Queue/Worker.php(378): Illuminate\\Queue\\Worker->process()
#20 /var/www/html/2toptech-admin/vendor/laravel/framework/src/Illuminate/Queue/Worker.php(172): Illuminate\\Queue\\Worker->runJob()
#21 /var/www/html/2toptech-admin/vendor/laravel/framework/src/Illuminate/Queue/Console/WorkCommand.php(117): Illuminate\\Queue\\Worker->daemon()
#22 /var/www/html/2toptech-admin/vendor/laravel/framework/src/Illuminate/Queue/Console/WorkCommand.php(101): Illuminate\\Queue\\Console\\WorkCommand->runWorker()
#23 /var/www/html/2toptech-admin/vendor/laravel/framework/src/Illuminate/Container/BoundMethod.php(36): Illuminate\\Queue\\Console\\WorkCommand->handle()
#24 /var/www/html/2toptech-admin/vendor/laravel/framework/src/Illuminate/Container/Util.php(40): Illuminate\\Container\\BoundMethod::Illuminate\\Container\\{closure}()
#25 /var/www/html/2toptech-admin/vendor/laravel/framework/src/Illuminate/Container/BoundMethod.php(93): Illuminate\\Container\\Util::unwrapIfClosure()
#26 /var/www/html/2toptech-admin/vendor/laravel/framework/src/Illuminate/Container/BoundMethod.php(37): Illuminate\\Container\\BoundMethod::callBoundMethod()
#27 /var/www/html/2toptech-admin/vendor/laravel/framework/src/Illuminate/Container/Container.php(653): Illuminate\\Container\\BoundMethod::call()
#28 /var/www/html/2toptech-admin/vendor/laravel/framework/src/Illuminate/Console/Command.php(136): Illuminate\\Container\\Container->call()
#29 /var/www/html/2toptech-admin/vendor/symfony/console/Command/Command.php(298): Illuminate\\Console\\Command->execute()
#30 /var/www/html/2toptech-admin/vendor/laravel/framework/src/Illuminate/Console/Command.php(121): Symfony\\Component\\Console\\Command\\Command->run()
#31 /var/www/html/2toptech-admin/vendor/symfony/console/Application.php(1040): Illuminate\\Console\\Command->run()
#32 /var/www/html/2toptech-admin/vendor/symfony/console/Application.php(301): Symfony\\Component\\Console\\Application->doRunCommand()
#33 /var/www/html/2toptech-admin/vendor/symfony/console/Application.php(171): Symfony\\Component\\Console\\Application->doRun()
#34 /var/www/html/2toptech-admin/vendor/laravel/framework/src/Illuminate/Console/Application.php(94): Symfony\\Component\\Console\\Application->run()
#35 /var/www/html/2toptech-admin/vendor/laravel/framework/src/Illuminate/Foundation/Console/Kernel.php(129): Illuminate\\Console\\Application->run()
#36 /var/www/html/2toptech-admin/artisan(37): Illuminate\\Foundation\\Console\\Kernel->handle()
#37 {main}
"} 
[2023-03-12 15:32:56] local.ERROR: Invalid view. {"exception":"[object] (InvalidArgumentException(code: 0): Invalid view. at /var/www/html/2toptech-admin/vendor/laravel/framework/src/Illuminate/Mail/Mailer.php:339)
[stacktrace]
#0 /var/www/html/2toptech-admin/vendor/laravel/framework/src/Illuminate/Mail/Mailer.php(264): Illuminate\\Mail\\Mailer->parseView()
#1 /var/www/html/2toptech-admin/vendor/laravel/framework/src/Illuminate/Mail/Mailable.php(187): Illuminate\\Mail\\Mailer->send()
#2 /var/www/html/2toptech-admin/vendor/laravel/framework/src/Illuminate/Support/Traits/Localizable.php(19): Illuminate\\Mail\\Mailable->Illuminate\\Mail\\{closure}()
#3 /var/www/html/2toptech-admin/vendor/laravel/framework/src/Illuminate/Mail/Mailable.php(188): Illuminate\\Mail\\Mailable->withLocale()
#4 /var/www/html/2toptech-admin/vendor/laravel/framework/src/Illuminate/Mail/Mailer.php(304): Illuminate\\Mail\\Mailable->send()
#5 /var/www/html/2toptech-admin/vendor/laravel/framework/src/Illuminate/Mail/Mailer.php(258): Illuminate\\Mail\\Mailer->sendMailable()
#6 /var/www/html/2toptech-admin/vendor/laravel/framework/src/Illuminate/Mail/PendingMail.php(124): Illuminate\\Mail\\Mailer->send()
#7 /var/www/html/2toptech-admin/app/Jobs/SendMailJob.php(37): Illuminate\\Mail\\PendingMail->send()
#8 /var/www/html/2toptech-admin/vendor/laravel/framework/src/Illuminate/Container/BoundMethod.php(36): App\\Jobs\\SendMailJob->handle()
#9 /var/www/html/2toptech-admin/vendor/laravel/framework/src/Illuminate/Container/Util.php(40): Illuminate\\Container\\BoundMethod::Illuminate\\Container\\{closure}()
#10 /var/www/html/2toptech-admin/vendor/laravel/framework/src/Illuminate/Container/BoundMethod.php(93): Illuminate\\Container\\Util::unwrapIfClosure()
#11 /var/www/html/2toptech-admin/vendor/laravel/framework/src/Illuminate/Container/BoundMethod.php(37): Illuminate\\Container\\BoundMethod::callBoundMethod()
#12 /var/www/html/2toptech-admin/vendor/laravel/framework/src/Illuminate/Container/Container.php(653): Illuminate\\Container\\BoundMethod::call()
#13 /var/www/html/2toptech-admin/vendor/laravel/framework/src/Illuminate/Bus/Dispatcher.php(128): Illuminate\\Container\\Container->call()
#14 /var/www/html/2toptech-admin/vendor/laravel/framework/src/Illuminate/Pipeline/Pipeline.php(128): Illuminate\\Bus\\Dispatcher->Illuminate\\Bus\\{closure}()
#15 /var/www/html/2toptech-admin/vendor/laravel/framework/src/Illuminate/Pipeline/Pipeline.php(103): Illuminate\\Pipeline\\Pipeline->Illuminate\\Pipeline\\{closure}()
#16 /var/www/html/2toptech-admin/vendor/laravel/framework/src/Illuminate/Bus/Dispatcher.php(132): Illuminate\\Pipeline\\Pipeline->then()
#17 /var/www/html/2toptech-admin/vendor/laravel/framework/src/Illuminate/Queue/CallQueuedHandler.php(120): Illuminate\\Bus\\Dispatcher->dispatchNow()
#18 /var/www/html/2toptech-admin/vendor/laravel/framework/src/Illuminate/Pipeline/Pipeline.php(128): Illuminate\\Queue\\CallQueuedHandler->Illuminate\\Queue\\{closure}()
#19 /var/www/html/2toptech-admin/vendor/laravel/framework/src/Illuminate/Pipeline/Pipeline.php(103): Illuminate\\Pipeline\\Pipeline->Illuminate\\Pipeline\\{closure}()
#20 /var/www/html/2toptech-admin/vendor/laravel/framework/src/Illuminate/Queue/CallQueuedHandler.php(122): Illuminate\\Pipeline\\Pipeline->then()
#21 /var/www/html/2toptech-admin/vendor/laravel/framework/src/Illuminate/Queue/CallQueuedHandler.php(70): Illuminate\\Queue\\CallQueuedHandler->dispatchThroughMiddleware()
#22 /var/www/html/2toptech-admin/vendor/laravel/framework/src/Illuminate/Queue/Jobs/Job.php(98): Illuminate\\Queue\\CallQueuedHandler->call()
#23 /var/www/html/2toptech-admin/vendor/laravel/framework/src/Illuminate/Queue/Worker.php(428): Illuminate\\Queue\\Jobs\\Job->fire()
#24 /var/www/html/2toptech-admin/vendor/laravel/framework/src/Illuminate/Queue/Worker.php(378): Illuminate\\Queue\\Worker->process()
#25 /var/www/html/2toptech-admin/vendor/laravel/framework/src/Illuminate/Queue/Worker.php(172): Illuminate\\Queue\\Worker->runJob()
#26 /var/www/html/2toptech-admin/vendor/laravel/framework/src/Illuminate/Queue/Console/WorkCommand.php(117): Illuminate\\Queue\\Worker->daemon()
#27 /var/www/html/2toptech-admin/vendor/laravel/framework/src/Illuminate/Queue/Console/WorkCommand.php(101): Illuminate\\Queue\\Console\\WorkCommand->runWorker()
#28 /var/www/html/2toptech-admin/vendor/laravel/framework/src/Illuminate/Container/BoundMethod.php(36): Illuminate\\Queue\\Console\\WorkCommand->handle()
#29 /var/www/html/2toptech-admin/vendor/laravel/framework/src/Illuminate/Container/Util.php(40): Illuminate\\Container\\BoundMethod::Illuminate\\Container\\{closure}()
#30 /var/www/html/2toptech-admin/vendor/laravel/framework/src/Illuminate/Container/BoundMethod.php(93): Illuminate\\Container\\Util::unwrapIfClosure()
#31 /var/www/html/2toptech-admin/vendor/laravel/framework/src/Illuminate/Container/BoundMethod.php(37): Illuminate\\Container\\BoundMethod::callBoundMethod()
#32 /var/www/html/2toptech-admin/vendor/laravel/framework/src/Illuminate/Container/Container.php(653): Illuminate\\Container\\BoundMethod::call()
#33 /var/www/html/2toptech-admin/vendor/laravel/framework/src/Illuminate/Console/Command.php(136): Illuminate\\Container\\Container->call()
#34 /var/www/html/2toptech-admin/vendor/symfony/console/Command/Command.php(298): Illuminate\\Console\\Command->execute()
#35 /var/www/html/2toptech-admin/vendor/laravel/framework/src/Illuminate/Console/Command.php(121): Symfony\\Component\\Console\\Command\\Command->run()
#36 /var/www/html/2toptech-admin/vendor/symfony/console/Application.php(1040): Illuminate\\Console\\Command->run()
#37 /var/www/html/2toptech-admin/vendor/symfony/console/Application.php(301): Symfony\\Component\\Console\\Application->doRunCommand()
#38 /var/www/html/2toptech-admin/vendor/symfony/console/Application.php(171): Symfony\\Component\\Console\\Application->doRun()
#39 /var/www/html/2toptech-admin/vendor/laravel/framework/src/Illuminate/Console/Application.php(94): Symfony\\Component\\Console\\Application->run()
#40 /var/www/html/2toptech-admin/vendor/laravel/framework/src/Illuminate/Foundation/Console/Kernel.php(129): Illuminate\\Console\\Application->run()
#41 /var/www/html/2toptech-admin/artisan(37): Illuminate\\Foundation\\Console\\Kernel->handle()
#42 {main}
"} 
