[2023-03-14 10:29:27] local.ERROR: SQLSTATE[23000]: Integrity constraint violation: 1451 Cannot delete or update a parent row: a foreign key constraint fails (`handyman_service`.`plan_features`, CONSTRAINT `plan_features_plan_id_foreign` FOREIGN KEY (`plan_id`) REFERENCES `plans` (`id`)) (SQL: delete from `plans`) {"exception":"[object] (Illuminate\\Database\\QueryException(code: 23000): SQLSTATE[23000]: Integrity constraint violation: 1451 Cannot delete or update a parent row: a foreign key constraint fails (`handyman_service`.`plan_features`, CONSTRAINT `plan_features_plan_id_foreign` FOREIGN KEY (`plan_id`) REFERENCES `plans` (`id`)) (SQL: delete from `plans`) at /var/www/html/2toptech-admin/vendor/laravel/framework/src/Illuminate/Database/Connection.php:712)
[stacktrace]
#0 /var/www/html/2toptech-admin/vendor/laravel/framework/src/Illuminate/Database/Connection.php(672): Illuminate\\Database\\Connection->runQueryCallback()
#1 /var/www/html/2toptech-admin/vendor/laravel/framework/src/Illuminate/Database/Connection.php(533): Illuminate\\Database\\Connection->run()
#2 /var/www/html/2toptech-admin/vendor/laravel/framework/src/Illuminate/Database/Connection.php(478): Illuminate\\Database\\Connection->affectingStatement()
#3 /var/www/html/2toptech-admin/vendor/laravel/framework/src/Illuminate/Database/Query/Builder.php(3218): Illuminate\\Database\\Connection->delete()
#4 /var/www/html/2toptech-admin/database/seeders/PlansTableDataSeeder.php(17): Illuminate\\Database\\Query\\Builder->delete()
#5 /var/www/html/2toptech-admin/vendor/laravel/framework/src/Illuminate/Container/BoundMethod.php(36): Database\\Seeders\\PlansTableDataSeeder->run()
#6 /var/www/html/2toptech-admin/vendor/laravel/framework/src/Illuminate/Container/Util.php(40): Illuminate\\Container\\BoundMethod::Illuminate\\Container\\{closure}()
#7 /var/www/html/2toptech-admin/vendor/laravel/framework/src/Illuminate/Container/BoundMethod.php(93): Illuminate\\Container\\Util::unwrapIfClosure()
#8 /var/www/html/2toptech-admin/vendor/laravel/framework/src/Illuminate/Container/BoundMethod.php(37): Illuminate\\Container\\BoundMethod::callBoundMethod()
#9 /var/www/html/2toptech-admin/vendor/laravel/framework/src/Illuminate/Container/Container.php(653): Illuminate\\Container\\BoundMethod::call()
#10 /var/www/html/2toptech-admin/vendor/laravel/framework/src/Illuminate/Database/Seeder.php(149): Illuminate\\Container\\Container->call()
#11 /var/www/html/2toptech-admin/vendor/laravel/framework/src/Illuminate/Database/Seeder.php(49): Illuminate\\Database\\Seeder->__invoke()
#12 /var/www/html/2toptech-admin/database/seeders/DatabaseSeeder.php(18): Illuminate\\Database\\Seeder->call()
#13 /var/www/html/2toptech-admin/vendor/laravel/framework/src/Illuminate/Container/BoundMethod.php(36): Database\\Seeders\\DatabaseSeeder->run()
#14 /var/www/html/2toptech-admin/vendor/laravel/framework/src/Illuminate/Container/Util.php(40): Illuminate\\Container\\BoundMethod::Illuminate\\Container\\{closure}()
#15 /var/www/html/2toptech-admin/vendor/laravel/framework/src/Illuminate/Container/BoundMethod.php(93): Illuminate\\Container\\Util::unwrapIfClosure()
#16 /var/www/html/2toptech-admin/vendor/laravel/framework/src/Illuminate/Container/BoundMethod.php(37): Illuminate\\Container\\BoundMethod::callBoundMethod()
#17 /var/www/html/2toptech-admin/vendor/laravel/framework/src/Illuminate/Container/Container.php(653): Illuminate\\Container\\BoundMethod::call()
#18 /var/www/html/2toptech-admin/vendor/laravel/framework/src/Illuminate/Database/Seeder.php(149): Illuminate\\Container\\Container->call()
#19 /var/www/html/2toptech-admin/vendor/laravel/framework/src/Illuminate/Database/Console/Seeds/SeedCommand.php(66): Illuminate\\Database\\Seeder->__invoke()
#20 /var/www/html/2toptech-admin/vendor/laravel/framework/src/Illuminate/Database/Eloquent/Concerns/GuardsAttributes.php(157): Illuminate\\Database\\Console\\Seeds\\SeedCommand->Illuminate\\Database\\Console\\Seeds\\{closure}()
#21 /var/www/html/2toptech-admin/vendor/laravel/framework/src/Illuminate/Database/Console/Seeds/SeedCommand.php(67): Illuminate\\Database\\Eloquent\\Model::unguarded()
#22 /var/www/html/2toptech-admin/vendor/laravel/framework/src/Illuminate/Container/BoundMethod.php(36): Illuminate\\Database\\Console\\Seeds\\SeedCommand->handle()
#23 /var/www/html/2toptech-admin/vendor/laravel/framework/src/Illuminate/Container/Util.php(40): Illuminate\\Container\\BoundMethod::Illuminate\\Container\\{closure}()
#24 /var/www/html/2toptech-admin/vendor/laravel/framework/src/Illuminate/Container/BoundMethod.php(93): Illuminate\\Container\\Util::unwrapIfClosure()
#25 /var/www/html/2toptech-admin/vendor/laravel/framework/src/Illuminate/Container/BoundMethod.php(37): Illuminate\\Container\\BoundMethod::callBoundMethod()
#26 /var/www/html/2toptech-admin/vendor/laravel/framework/src/Illuminate/Container/Container.php(653): Illuminate\\Container\\BoundMethod::call()
#27 /var/www/html/2toptech-admin/vendor/laravel/framework/src/Illuminate/Console/Command.php(136): Illuminate\\Container\\Container->call()
#28 /var/www/html/2toptech-admin/vendor/symfony/console/Command/Command.php(298): Illuminate\\Console\\Command->execute()
#29 /var/www/html/2toptech-admin/vendor/laravel/framework/src/Illuminate/Console/Command.php(121): Symfony\\Component\\Console\\Command\\Command->run()
#30 /var/www/html/2toptech-admin/vendor/symfony/console/Application.php(1040): Illuminate\\Console\\Command->run()
#31 /var/www/html/2toptech-admin/vendor/symfony/console/Application.php(301): Symfony\\Component\\Console\\Application->doRunCommand()
#32 /var/www/html/2toptech-admin/vendor/symfony/console/Application.php(171): Symfony\\Component\\Console\\Application->doRun()
#33 /var/www/html/2toptech-admin/vendor/laravel/framework/src/Illuminate/Console/Application.php(94): Symfony\\Component\\Console\\Application->run()
#34 /var/www/html/2toptech-admin/vendor/laravel/framework/src/Illuminate/Foundation/Console/Kernel.php(129): Illuminate\\Console\\Application->run()
#35 /var/www/html/2toptech-admin/artisan(37): Illuminate\\Foundation\\Console\\Kernel->handle()
#36 {main}

[previous exception] [object] (PDOException(code: 23000): SQLSTATE[23000]: Integrity constraint violation: 1451 Cannot delete or update a parent row: a foreign key constraint fails (`handyman_service`.`plan_features`, CONSTRAINT `plan_features_plan_id_foreign` FOREIGN KEY (`plan_id`) REFERENCES `plans` (`id`)) at /var/www/html/2toptech-admin/vendor/laravel/framework/src/Illuminate/Database/Connection.php:526)
[stacktrace]
#0 /var/www/html/2toptech-admin/vendor/laravel/framework/src/Illuminate/Database/Connection.php(526): PDOStatement->execute()
#1 /var/www/html/2toptech-admin/vendor/laravel/framework/src/Illuminate/Database/Connection.php(705): Illuminate\\Database\\Connection->Illuminate\\Database\\{closure}()
#2 /var/www/html/2toptech-admin/vendor/laravel/framework/src/Illuminate/Database/Connection.php(672): Illuminate\\Database\\Connection->runQueryCallback()
#3 /var/www/html/2toptech-admin/vendor/laravel/framework/src/Illuminate/Database/Connection.php(533): Illuminate\\Database\\Connection->run()
#4 /var/www/html/2toptech-admin/vendor/laravel/framework/src/Illuminate/Database/Connection.php(478): Illuminate\\Database\\Connection->affectingStatement()
#5 /var/www/html/2toptech-admin/vendor/laravel/framework/src/Illuminate/Database/Query/Builder.php(3218): Illuminate\\Database\\Connection->delete()
#6 /var/www/html/2toptech-admin/database/seeders/PlansTableDataSeeder.php(17): Illuminate\\Database\\Query\\Builder->delete()
#7 /var/www/html/2toptech-admin/vendor/laravel/framework/src/Illuminate/Container/BoundMethod.php(36): Database\\Seeders\\PlansTableDataSeeder->run()
#8 /var/www/html/2toptech-admin/vendor/laravel/framework/src/Illuminate/Container/Util.php(40): Illuminate\\Container\\BoundMethod::Illuminate\\Container\\{closure}()
#9 /var/www/html/2toptech-admin/vendor/laravel/framework/src/Illuminate/Container/BoundMethod.php(93): Illuminate\\Container\\Util::unwrapIfClosure()
#10 /var/www/html/2toptech-admin/vendor/laravel/framework/src/Illuminate/Container/BoundMethod.php(37): Illuminate\\Container\\BoundMethod::callBoundMethod()
#11 /var/www/html/2toptech-admin/vendor/laravel/framework/src/Illuminate/Container/Container.php(653): Illuminate\\Container\\BoundMethod::call()
#12 /var/www/html/2toptech-admin/vendor/laravel/framework/src/Illuminate/Database/Seeder.php(149): Illuminate\\Container\\Container->call()
#13 /var/www/html/2toptech-admin/vendor/laravel/framework/src/Illuminate/Database/Seeder.php(49): Illuminate\\Database\\Seeder->__invoke()
#14 /var/www/html/2toptech-admin/database/seeders/DatabaseSeeder.php(18): Illuminate\\Database\\Seeder->call()
#15 /var/www/html/2toptech-admin/vendor/laravel/framework/src/Illuminate/Container/BoundMethod.php(36): Database\\Seeders\\DatabaseSeeder->run()
#16 /var/www/html/2toptech-admin/vendor/laravel/framework/src/Illuminate/Container/Util.php(40): Illuminate\\Container\\BoundMethod::Illuminate\\Container\\{closure}()
#17 /var/www/html/2toptech-admin/vendor/laravel/framework/src/Illuminate/Container/BoundMethod.php(93): Illuminate\\Container\\Util::unwrapIfClosure()
#18 /var/www/html/2toptech-admin/vendor/laravel/framework/src/Illuminate/Container/BoundMethod.php(37): Illuminate\\Container\\BoundMethod::callBoundMethod()
#19 /var/www/html/2toptech-admin/vendor/laravel/framework/src/Illuminate/Container/Container.php(653): Illuminate\\Container\\BoundMethod::call()
#20 /var/www/html/2toptech-admin/vendor/laravel/framework/src/Illuminate/Database/Seeder.php(149): Illuminate\\Container\\Container->call()
#21 /var/www/html/2toptech-admin/vendor/laravel/framework/src/Illuminate/Database/Console/Seeds/SeedCommand.php(66): Illuminate\\Database\\Seeder->__invoke()
#22 /var/www/html/2toptech-admin/vendor/laravel/framework/src/Illuminate/Database/Eloquent/Concerns/GuardsAttributes.php(157): Illuminate\\Database\\Console\\Seeds\\SeedCommand->Illuminate\\Database\\Console\\Seeds\\{closure}()
#23 /var/www/html/2toptech-admin/vendor/laravel/framework/src/Illuminate/Database/Console/Seeds/SeedCommand.php(67): Illuminate\\Database\\Eloquent\\Model::unguarded()
#24 /var/www/html/2toptech-admin/vendor/laravel/framework/src/Illuminate/Container/BoundMethod.php(36): Illuminate\\Database\\Console\\Seeds\\SeedCommand->handle()
#25 /var/www/html/2toptech-admin/vendor/laravel/framework/src/Illuminate/Container/Util.php(40): Illuminate\\Container\\BoundMethod::Illuminate\\Container\\{closure}()
#26 /var/www/html/2toptech-admin/vendor/laravel/framework/src/Illuminate/Container/BoundMethod.php(93): Illuminate\\Container\\Util::unwrapIfClosure()
#27 /var/www/html/2toptech-admin/vendor/laravel/framework/src/Illuminate/Container/BoundMethod.php(37): Illuminate\\Container\\BoundMethod::callBoundMethod()
#28 /var/www/html/2toptech-admin/vendor/laravel/framework/src/Illuminate/Container/Container.php(653): Illuminate\\Container\\BoundMethod::call()
#29 /var/www/html/2toptech-admin/vendor/laravel/framework/src/Illuminate/Console/Command.php(136): Illuminate\\Container\\Container->call()
#30 /var/www/html/2toptech-admin/vendor/symfony/console/Command/Command.php(298): Illuminate\\Console\\Command->execute()
#31 /var/www/html/2toptech-admin/vendor/laravel/framework/src/Illuminate/Console/Command.php(121): Symfony\\Component\\Console\\Command\\Command->run()
#32 /var/www/html/2toptech-admin/vendor/symfony/console/Application.php(1040): Illuminate\\Console\\Command->run()
#33 /var/www/html/2toptech-admin/vendor/symfony/console/Application.php(301): Symfony\\Component\\Console\\Application->doRunCommand()
#34 /var/www/html/2toptech-admin/vendor/symfony/console/Application.php(171): Symfony\\Component\\Console\\Application->doRun()
#35 /var/www/html/2toptech-admin/vendor/laravel/framework/src/Illuminate/Console/Application.php(94): Symfony\\Component\\Console\\Application->run()
#36 /var/www/html/2toptech-admin/vendor/laravel/framework/src/Illuminate/Foundation/Console/Kernel.php(129): Illuminate\\Console\\Application->run()
#37 /var/www/html/2toptech-admin/artisan(37): Illuminate\\Foundation\\Console\\Kernel->handle()
#38 {main}
"} 
