[2023-02-11 06:42:35] local.ERROR: ErrorException: Undefined variable $job in /var/www/html/2toptech-admin/storage/framework/views/87e184ad1305657ce098051cde3553278686f9ef.php:5
Stack trace:
#0 /var/www/html/2toptech-admin/storage/framework/views/87e184ad1305657ce098051cde3553278686f9ef.php(5): Illuminate\Foundation\Bootstrap\HandleExceptions->handleError()
#1 /var/www/html/2toptech-admin/vendor/laravel/framework/src/Illuminate/Filesystem/Filesystem.php(107): require('...')
#2 /var/www/html/2toptech-admin/vendor/laravel/framework/src/Illuminate/Filesystem/Filesystem.php(108): Illuminate\Filesystem\Filesystem::Illuminate\Filesystem\{closure}()
#3 /var/www/html/2toptech-admin/vendor/laravel/framework/src/Illuminate/View/Engines/PhpEngine.php(58): Illuminate\Filesystem\Filesystem->getRequire()
#4 /var/www/html/2toptech-admin/vendor/laravel/framework/src/Illuminate/View/Engines/CompilerEngine.php(61): Illuminate\View\Engines\PhpEngine->evaluatePath()
#5 /var/www/html/2toptech-admin/vendor/facade/ignition/src/Views/Engines/CompilerEngine.php(37): Illuminate\View\Engines\CompilerEngine->get()
#6 /var/www/html/2toptech-admin/vendor/laravel/framework/src/Illuminate/View/View.php(139): Facade\Ignition\Views\Engines\CompilerEngine->get()
#7 /var/www/html/2toptech-admin/vendor/laravel/framework/src/Illuminate/View/View.php(122): Illuminate\View\View->getContents()
#8 /var/www/html/2toptech-admin/vendor/laravel/framework/src/Illuminate/View/View.php(91): Illuminate\View\View->renderContents()
#9 /var/www/html/2toptech-admin/vendor/yajra/laravel-datatables-oracle/src/Utilities/Helper.php(92): Illuminate\View\View->render()
#10 /var/www/html/2toptech-admin/vendor/yajra/laravel-datatables-oracle/src/Utilities/Helper.php(63): Yajra\DataTables\Utilities\Helper::compileBlade()
#11 /var/www/html/2toptech-admin/vendor/yajra/laravel-datatables-oracle/src/Processors/DataProcessor.php(137): Yajra\DataTables\Utilities\Helper::compileContent()
#12 /var/www/html/2toptech-admin/vendor/yajra/laravel-datatables-oracle/src/Processors/DataProcessor.php(106): Yajra\DataTables\Processors\DataProcessor->addColumns()
#13 /var/www/html/2toptech-admin/vendor/yajra/laravel-datatables-oracle/src/DataTableAbstract.php(806): Yajra\DataTables\Processors\DataProcessor->process()
#14 /var/www/html/2toptech-admin/vendor/yajra/laravel-datatables-oracle/src/QueryDataTable.php(102): Yajra\DataTables\DataTableAbstract->processResults()
#15 /var/www/html/2toptech-admin/vendor/yajra/laravel-datatables-oracle/src/DataTableAbstract.php(675): Yajra\DataTables\QueryDataTable->make()
#16 /var/www/html/2toptech-admin/vendor/yajra/laravel-datatables-buttons/src/Services/DataTable.php(227): Yajra\DataTables\DataTableAbstract->toJson()
#17 /var/www/html/2toptech-admin/vendor/laravel/framework/src/Illuminate/Container/BoundMethod.php(36): Yajra\DataTables\Services\DataTable->ajax()
#18 /var/www/html/2toptech-admin/vendor/laravel/framework/src/Illuminate/Container/Util.php(40): Illuminate\Container\BoundMethod::Illuminate\Container\{closure}()
#19 /var/www/html/2toptech-admin/vendor/laravel/framework/src/Illuminate/Container/BoundMethod.php(93): Illuminate\Container\Util::unwrapIfClosure()
#20 /var/www/html/2toptech-admin/vendor/laravel/framework/src/Illuminate/Container/BoundMethod.php(37): Illuminate\Container\BoundMethod::callBoundMethod()
#21 /var/www/html/2toptech-admin/vendor/laravel/framework/src/Illuminate/Container/Container.php(653): Illuminate\Container\BoundMethod::call()
#22 /var/www/html/2toptech-admin/vendor/yajra/laravel-datatables-buttons/src/Services/DataTable.php(177): Illuminate\Container\Container->call()
#23 /var/www/html/2toptech-admin/app/Http/Controllers/JobController.php(25): Yajra\DataTables\Services\DataTable->render()
#24 /var/www/html/2toptech-admin/vendor/laravel/framework/src/Illuminate/Routing/Controller.php(54): App\Http\Controllers\JobController->index()
#25 /var/www/html/2toptech-admin/vendor/laravel/framework/src/Illuminate/Routing/ControllerDispatcher.php(45): Illuminate\Routing\Controller->callAction()
#26 /var/www/html/2toptech-admin/vendor/laravel/framework/src/Illuminate/Routing/Route.php(262): Illuminate\Routing\ControllerDispatcher->dispatch()
#27 /var/www/html/2toptech-admin/vendor/laravel/framework/src/Illuminate/Routing/Route.php(205): Illuminate\Routing\Route->runController()
#28 /var/www/html/2toptech-admin/vendor/laravel/framework/src/Illuminate/Routing/Router.php(721): Illuminate\Routing\Route->run()
#29 /var/www/html/2toptech-admin/vendor/laravel/framework/src/Illuminate/Pipeline/Pipeline.php(128): Illuminate\Routing\Router->Illuminate\Routing\{closure}()
#30 /var/www/html/2toptech-admin/vendor/laravel/framework/src/Illuminate/Auth/Middleware/EnsureEmailIsVerified.php(30): Illuminate\Pipeline\Pipeline->Illuminate\Pipeline\{closure}()
#31 /var/www/html/2toptech-admin/vendor/laravel/framework/src/Illuminate/Pipeline/Pipeline.php(167): Illuminate\Auth\Middleware\EnsureEmailIsVerified->handle()
#32 /var/www/html/2toptech-admin/app/Http/Middleware/LanguageTranslator.php(13): Illuminate\Pipeline\Pipeline->Illuminate\Pipeline\{closure}()
#33 /var/www/html/2toptech-admin/vendor/laravel/framework/src/Illuminate/Pipeline/Pipeline.php(167): App\Http\Middleware\LanguageTranslator->handle()
#34 /var/www/html/2toptech-admin/vendor/laravel/framework/src/Illuminate/Routing/Middleware/SubstituteBindings.php(50): Illuminate\Pipeline\Pipeline->Illuminate\Pipeline\{closure}()
#35 /var/www/html/2toptech-admin/vendor/laravel/framework/src/Illuminate/Pipeline/Pipeline.php(167): Illuminate\Routing\Middleware\SubstituteBindings->handle()
#36 /var/www/html/2toptech-admin/vendor/laravel/framework/src/Illuminate/Auth/Middleware/Authenticate.php(44): Illuminate\Pipeline\Pipeline->Illuminate\Pipeline\{closure}()
#37 /var/www/html/2toptech-admin/vendor/laravel/framework/src/Illuminate/Pipeline/Pipeline.php(167): Illuminate\Auth\Middleware\Authenticate->handle()
#38 /var/www/html/2toptech-admin/vendor/laravel/framework/src/Illuminate/Foundation/Http/Middleware/VerifyCsrfToken.php(78): Illuminate\Pipeline\Pipeline->Illuminate\Pipeline\{closure}()
#39 /var/www/html/2toptech-admin/vendor/laravel/framework/src/Illuminate/Pipeline/Pipeline.php(167): Illuminate\Foundation\Http\Middleware\VerifyCsrfToken->handle()
#40 /var/www/html/2toptech-admin/vendor/laravel/framework/src/Illuminate/View/Middleware/ShareErrorsFromSession.php(49): Illuminate\Pipeline\Pipeline->Illuminate\Pipeline\{closure}()
#41 /var/www/html/2toptech-admin/vendor/laravel/framework/src/Illuminate/Pipeline/Pipeline.php(167): Illuminate\View\Middleware\ShareErrorsFromSession->handle()
#42 /var/www/html/2toptech-admin/vendor/laravel/framework/src/Illuminate/Session/Middleware/StartSession.php(121): Illuminate\Pipeline\Pipeline->Illuminate\Pipeline\{closure}()
#43 /var/www/html/2toptech-admin/vendor/laravel/framework/src/Illuminate/Session/Middleware/StartSession.php(64): Illuminate\Session\Middleware\StartSession->handleStatefulRequest()
#44 /var/www/html/2toptech-admin/vendor/laravel/framework/src/Illuminate/Pipeline/Pipeline.php(167): Illuminate\Session\Middleware\StartSession->handle()
#45 /var/www/html/2toptech-admin/vendor/laravel/framework/src/Illuminate/Cookie/Middleware/AddQueuedCookiesToResponse.php(37): Illuminate\Pipeline\Pipeline->Illuminate\Pipeline\{closure}()
#46 /var/www/html/2toptech-admin/vendor/laravel/framework/src/Illuminate/Pipeline/Pipeline.php(167): Illuminate\Cookie\Middleware\AddQueuedCookiesToResponse->handle()
#47 /var/www/html/2toptech-admin/vendor/laravel/framework/src/Illuminate/Cookie/Middleware/EncryptCookies.php(67): Illuminate\Pipeline\Pipeline->Illuminate\Pipeline\{closure}()
#48 /var/www/html/2toptech-admin/vendor/laravel/framework/src/Illuminate/Pipeline/Pipeline.php(167): Illuminate\Cookie\Middleware\EncryptCookies->handle()
#49 /var/www/html/2toptech-admin/vendor/laravel/framework/src/Illuminate/Pipeline/Pipeline.php(103): Illuminate\Pipeline\Pipeline->Illuminate\Pipeline\{closure}()
#50 /var/www/html/2toptech-admin/vendor/laravel/framework/src/Illuminate/Routing/Router.php(723): Illuminate\Pipeline\Pipeline->then()
#51 /var/www/html/2toptech-admin/vendor/laravel/framework/src/Illuminate/Routing/Router.php(698): Illuminate\Routing\Router->runRouteWithinStack()
#52 /var/www/html/2toptech-admin/vendor/laravel/framework/src/Illuminate/Routing/Router.php(662): Illuminate\Routing\Router->runRoute()
#53 /var/www/html/2toptech-admin/vendor/laravel/framework/src/Illuminate/Routing/Router.php(651): Illuminate\Routing\Router->dispatchToRoute()
#54 /var/www/html/2toptech-admin/vendor/laravel/framework/src/Illuminate/Foundation/Http/Kernel.php(167): Illuminate\Routing\Router->dispatch()
#55 /var/www/html/2toptech-admin/vendor/laravel/framework/src/Illuminate/Pipeline/Pipeline.php(128): Illuminate\Foundation\Http\Kernel->Illuminate\Foundation\Http\{closure}()
#56 /var/www/html/2toptech-admin/vendor/laravel/framework/src/Illuminate/Foundation/Http/Middleware/TransformsRequest.php(21): Illuminate\Pipeline\Pipeline->Illuminate\Pipeline\{closure}()
#57 /var/www/html/2toptech-admin/vendor/laravel/framework/src/Illuminate/Foundation/Http/Middleware/ConvertEmptyStringsToNull.php(31): Illuminate\Foundation\Http\Middleware\TransformsRequest->handle()
#58 /var/www/html/2toptech-admin/vendor/laravel/framework/src/Illuminate/Pipeline/Pipeline.php(167): Illuminate\Foundation\Http\Middleware\ConvertEmptyStringsToNull->handle()
#59 /var/www/html/2toptech-admin/vendor/laravel/framework/src/Illuminate/Foundation/Http/Middleware/TransformsRequest.php(21): Illuminate\Pipeline\Pipeline->Illuminate\Pipeline\{closure}()
#60 /var/www/html/2toptech-admin/vendor/laravel/framework/src/Illuminate/Foundation/Http/Middleware/TrimStrings.php(40): Illuminate\Foundation\Http\Middleware\TransformsRequest->handle()
#61 /var/www/html/2toptech-admin/vendor/laravel/framework/src/Illuminate/Pipeline/Pipeline.php(167): Illuminate\Foundation\Http\Middleware\TrimStrings->handle()
#62 /var/www/html/2toptech-admin/vendor/laravel/framework/src/Illuminate/Foundation/Http/Middleware/ValidatePostSize.php(27): Illuminate\Pipeline\Pipeline->Illuminate\Pipeline\{closure}()
#63 /var/www/html/2toptech-admin/vendor/laravel/framework/src/Illuminate/Pipeline/Pipeline.php(167): Illuminate\Foundation\Http\Middleware\ValidatePostSize->handle()
#64 /var/www/html/2toptech-admin/vendor/laravel/framework/src/Illuminate/Foundation/Http/Middleware/PreventRequestsDuringMaintenance.php(86): Illuminate\Pipeline\Pipeline->Illuminate\Pipeline\{closure}()
#65 /var/www/html/2toptech-admin/vendor/laravel/framework/src/Illuminate/Pipeline/Pipeline.php(167): Illuminate\Foundation\Http\Middleware\PreventRequestsDuringMaintenance->handle()
#66 /var/www/html/2toptech-admin/vendor/fruitcake/laravel-cors/src/HandleCors.php(38): Illuminate\Pipeline\Pipeline->Illuminate\Pipeline\{closure}()
#67 /var/www/html/2toptech-admin/vendor/laravel/framework/src/Illuminate/Pipeline/Pipeline.php(167): Fruitcake\Cors\HandleCors->handle()
#68 /var/www/html/2toptech-admin/vendor/fideloper/proxy/src/TrustProxies.php(57): Illuminate\Pipeline\Pipeline->Illuminate\Pipeline\{closure}()
#69 /var/www/html/2toptech-admin/vendor/laravel/framework/src/Illuminate/Pipeline/Pipeline.php(167): Fideloper\Proxy\TrustProxies->handle()
#70 /var/www/html/2toptech-admin/vendor/laravel/framework/src/Illuminate/Pipeline/Pipeline.php(103): Illuminate\Pipeline\Pipeline->Illuminate\Pipeline\{closure}()
#71 /var/www/html/2toptech-admin/vendor/laravel/framework/src/Illuminate/Foundation/Http/Kernel.php(142): Illuminate\Pipeline\Pipeline->then()
#72 /var/www/html/2toptech-admin/vendor/laravel/framework/src/Illuminate/Foundation/Http/Kernel.php(111): Illuminate\Foundation\Http\Kernel->sendRequestThroughRouter()
#73 /var/www/html/2toptech-admin/public/index.php(52): Illuminate\Foundation\Http\Kernel->handle()
#74 /var/www/html/2toptech-admin/server.php(21): require_once('...')
#75 {main}

Next Facade\Ignition\Exceptions\ViewException: Undefined variable $job (View: /var/www/html/2toptech-admin/resources/views/restaurantjob/action.blade.php) in /var/www/html/2toptech-admin/resources/views/restaurantjob/action.blade.php:5
Stack trace:
#0 /var/www/html/2toptech-admin/resources/views/restaurantjob/action.blade.php(5): Illuminate\Foundation\Bootstrap\HandleExceptions->handleError()
#1 /var/www/html/2toptech-admin/vendor/laravel/framework/src/Illuminate/Filesystem/Filesystem.php(107): require('...')
#2 /var/www/html/2toptech-admin/vendor/laravel/framework/src/Illuminate/Filesystem/Filesystem.php(108): Illuminate\Filesystem\Filesystem::Illuminate\Filesystem\{closure}()
#3 /var/www/html/2toptech-admin/vendor/laravel/framework/src/Illuminate/View/Engines/PhpEngine.php(58): Illuminate\Filesystem\Filesystem->getRequire()
#4 /var/www/html/2toptech-admin/vendor/laravel/framework/src/Illuminate/View/Engines/CompilerEngine.php(61): Illuminate\View\Engines\PhpEngine->evaluatePath()
#5 /var/www/html/2toptech-admin/vendor/facade/ignition/src/Views/Engines/CompilerEngine.php(37): Illuminate\View\Engines\CompilerEngine->get()
#6 /var/www/html/2toptech-admin/vendor/laravel/framework/src/Illuminate/View/View.php(139): Facade\Ignition\Views\Engines\CompilerEngine->get()
#7 /var/www/html/2toptech-admin/vendor/laravel/framework/src/Illuminate/View/View.php(122): Illuminate\View\View->getContents()
#8 /var/www/html/2toptech-admin/vendor/laravel/framework/src/Illuminate/View/View.php(91): Illuminate\View\View->renderContents()
#9 /var/www/html/2toptech-admin/vendor/yajra/laravel-datatables-oracle/src/Utilities/Helper.php(92): Illuminate\View\View->render()
#10 /var/www/html/2toptech-admin/vendor/yajra/laravel-datatables-oracle/src/Utilities/Helper.php(63): Yajra\DataTables\Utilities\Helper::compileBlade()
#11 /var/www/html/2toptech-admin/vendor/yajra/laravel-datatables-oracle/src/Processors/DataProcessor.php(137): Yajra\DataTables\Utilities\Helper::compileContent()
#12 /var/www/html/2toptech-admin/vendor/yajra/laravel-datatables-oracle/src/Processors/DataProcessor.php(106): Yajra\DataTables\Processors\DataProcessor->addColumns()
#13 /var/www/html/2toptech-admin/vendor/yajra/laravel-datatables-oracle/src/DataTableAbstract.php(806): Yajra\DataTables\Processors\DataProcessor->process()
#14 /var/www/html/2toptech-admin/vendor/yajra/laravel-datatables-oracle/src/QueryDataTable.php(102): Yajra\DataTables\DataTableAbstract->processResults()
#15 /var/www/html/2toptech-admin/vendor/yajra/laravel-datatables-oracle/src/DataTableAbstract.php(675): Yajra\DataTables\QueryDataTable->make()
#16 /var/www/html/2toptech-admin/vendor/yajra/laravel-datatables-buttons/src/Services/DataTable.php(227): Yajra\DataTables\DataTableAbstract->toJson()
#17 /var/www/html/2toptech-admin/vendor/laravel/framework/src/Illuminate/Container/BoundMethod.php(36): Yajra\DataTables\Services\DataTable->ajax()
#18 /var/www/html/2toptech-admin/vendor/laravel/framework/src/Illuminate/Container/Util.php(40): Illuminate\Container\BoundMethod::Illuminate\Container\{closure}()
#19 /var/www/html/2toptech-admin/vendor/laravel/framework/src/Illuminate/Container/BoundMethod.php(93): Illuminate\Container\Util::unwrapIfClosure()
#20 /var/www/html/2toptech-admin/vendor/laravel/framework/src/Illuminate/Container/BoundMethod.php(37): Illuminate\Container\BoundMethod::callBoundMethod()
#21 /var/www/html/2toptech-admin/vendor/laravel/framework/src/Illuminate/Container/Container.php(653): Illuminate\Container\BoundMethod::call()
#22 /var/www/html/2toptech-admin/vendor/yajra/laravel-datatables-buttons/src/Services/DataTable.php(177): Illuminate\Container\Container->call()
#23 /var/www/html/2toptech-admin/app/Http/Controllers/JobController.php(25): Yajra\DataTables\Services\DataTable->render()
#24 /var/www/html/2toptech-admin/vendor/laravel/framework/src/Illuminate/Routing/Controller.php(54): App\Http\Controllers\JobController->index()
#25 /var/www/html/2toptech-admin/vendor/laravel/framework/src/Illuminate/Routing/ControllerDispatcher.php(45): Illuminate\Routing\Controller->callAction()
#26 /var/www/html/2toptech-admin/vendor/laravel/framework/src/Illuminate/Routing/Route.php(262): Illuminate\Routing\ControllerDispatcher->dispatch()
#27 /var/www/html/2toptech-admin/vendor/laravel/framework/src/Illuminate/Routing/Route.php(205): Illuminate\Routing\Route->runController()
#28 /var/www/html/2toptech-admin/vendor/laravel/framework/src/Illuminate/Routing/Router.php(721): Illuminate\Routing\Route->run()
#29 /var/www/html/2toptech-admin/vendor/laravel/framework/src/Illuminate/Pipeline/Pipeline.php(128): Illuminate\Routing\Router->Illuminate\Routing\{closure}()
#30 /var/www/html/2toptech-admin/vendor/laravel/framework/src/Illuminate/Auth/Middleware/EnsureEmailIsVerified.php(30): Illuminate\Pipeline\Pipeline->Illuminate\Pipeline\{closure}()
#31 /var/www/html/2toptech-admin/vendor/laravel/framework/src/Illuminate/Pipeline/Pipeline.php(167): Illuminate\Auth\Middleware\EnsureEmailIsVerified->handle()
#32 /var/www/html/2toptech-admin/app/Http/Middleware/LanguageTranslator.php(13): Illuminate\Pipeline\Pipeline->Illuminate\Pipeline\{closure}()
#33 /var/www/html/2toptech-admin/vendor/laravel/framework/src/Illuminate/Pipeline/Pipeline.php(167): App\Http\Middleware\LanguageTranslator->handle()
#34 /var/www/html/2toptech-admin/vendor/laravel/framework/src/Illuminate/Routing/Middleware/SubstituteBindings.php(50): Illuminate\Pipeline\Pipeline->Illuminate\Pipeline\{closure}()
#35 /var/www/html/2toptech-admin/vendor/laravel/framework/src/Illuminate/Pipeline/Pipeline.php(167): Illuminate\Routing\Middleware\SubstituteBindings->handle()
#36 /var/www/html/2toptech-admin/vendor/laravel/framework/src/Illuminate/Auth/Middleware/Authenticate.php(44): Illuminate\Pipeline\Pipeline->Illuminate\Pipeline\{closure}()
#37 /var/www/html/2toptech-admin/vendor/laravel/framework/src/Illuminate/Pipeline/Pipeline.php(167): Illuminate\Auth\Middleware\Authenticate->handle()
#38 /var/www/html/2toptech-admin/vendor/laravel/framework/src/Illuminate/Foundation/Http/Middleware/VerifyCsrfToken.php(78): Illuminate\Pipeline\Pipeline->Illuminate\Pipeline\{closure}()
#39 /var/www/html/2toptech-admin/vendor/laravel/framework/src/Illuminate/Pipeline/Pipeline.php(167): Illuminate\Foundation\Http\Middleware\VerifyCsrfToken->handle()
#40 /var/www/html/2toptech-admin/vendor/laravel/framework/src/Illuminate/View/Middleware/ShareErrorsFromSession.php(49): Illuminate\Pipeline\Pipeline->Illuminate\Pipeline\{closure}()
#41 /var/www/html/2toptech-admin/vendor/laravel/framework/src/Illuminate/Pipeline/Pipeline.php(167): Illuminate\View\Middleware\ShareErrorsFromSession->handle()
#42 /var/www/html/2toptech-admin/vendor/laravel/framework/src/Illuminate/Session/Middleware/StartSession.php(121): Illuminate\Pipeline\Pipeline->Illuminate\Pipeline\{closure}()
#43 /var/www/html/2toptech-admin/vendor/laravel/framework/src/Illuminate/Session/Middleware/StartSession.php(64): Illuminate\Session\Middleware\StartSession->handleStatefulRequest()
#44 /var/www/html/2toptech-admin/vendor/laravel/framework/src/Illuminate/Pipeline/Pipeline.php(167): Illuminate\Session\Middleware\StartSession->handle()
#45 /var/www/html/2toptech-admin/vendor/laravel/framework/src/Illuminate/Cookie/Middleware/AddQueuedCookiesToResponse.php(37): Illuminate\Pipeline\Pipeline->Illuminate\Pipeline\{closure}()
#46 /var/www/html/2toptech-admin/vendor/laravel/framework/src/Illuminate/Pipeline/Pipeline.php(167): Illuminate\Cookie\Middleware\AddQueuedCookiesToResponse->handle()
#47 /var/www/html/2toptech-admin/vendor/laravel/framework/src/Illuminate/Cookie/Middleware/EncryptCookies.php(67): Illuminate\Pipeline\Pipeline->Illuminate\Pipeline\{closure}()
#48 /var/www/html/2toptech-admin/vendor/laravel/framework/src/Illuminate/Pipeline/Pipeline.php(167): Illuminate\Cookie\Middleware\EncryptCookies->handle()
#49 /var/www/html/2toptech-admin/vendor/laravel/framework/src/Illuminate/Pipeline/Pipeline.php(103): Illuminate\Pipeline\Pipeline->Illuminate\Pipeline\{closure}()
#50 /var/www/html/2toptech-admin/vendor/laravel/framework/src/Illuminate/Routing/Router.php(723): Illuminate\Pipeline\Pipeline->then()
#51 /var/www/html/2toptech-admin/vendor/laravel/framework/src/Illuminate/Routing/Router.php(698): Illuminate\Routing\Router->runRouteWithinStack()
#52 /var/www/html/2toptech-admin/vendor/laravel/framework/src/Illuminate/Routing/Router.php(662): Illuminate\Routing\Router->runRoute()
#53 /var/www/html/2toptech-admin/vendor/laravel/framework/src/Illuminate/Routing/Router.php(651): Illuminate\Routing\Router->dispatchToRoute()
#54 /var/www/html/2toptech-admin/vendor/laravel/framework/src/Illuminate/Foundation/Http/Kernel.php(167): Illuminate\Routing\Router->dispatch()
#55 /var/www/html/2toptech-admin/vendor/laravel/framework/src/Illuminate/Pipeline/Pipeline.php(128): Illuminate\Foundation\Http\Kernel->Illuminate\Foundation\Http\{closure}()
#56 /var/www/html/2toptech-admin/vendor/laravel/framework/src/Illuminate/Foundation/Http/Middleware/TransformsRequest.php(21): Illuminate\Pipeline\Pipeline->Illuminate\Pipeline\{closure}()
#57 /var/www/html/2toptech-admin/vendor/laravel/framework/src/Illuminate/Foundation/Http/Middleware/ConvertEmptyStringsToNull.php(31): Illuminate\Foundation\Http\Middleware\TransformsRequest->handle()
#58 /var/www/html/2toptech-admin/vendor/laravel/framework/src/Illuminate/Pipeline/Pipeline.php(167): Illuminate\Foundation\Http\Middleware\ConvertEmptyStringsToNull->handle()
#59 /var/www/html/2toptech-admin/vendor/laravel/framework/src/Illuminate/Foundation/Http/Middleware/TransformsRequest.php(21): Illuminate\Pipeline\Pipeline->Illuminate\Pipeline\{closure}()
#60 /var/www/html/2toptech-admin/vendor/laravel/framework/src/Illuminate/Foundation/Http/Middleware/TrimStrings.php(40): Illuminate\Foundation\Http\Middleware\TransformsRequest->handle()
#61 /var/www/html/2toptech-admin/vendor/laravel/framework/src/Illuminate/Pipeline/Pipeline.php(167): Illuminate\Foundation\Http\Middleware\TrimStrings->handle()
#62 /var/www/html/2toptech-admin/vendor/laravel/framework/src/Illuminate/Foundation/Http/Middleware/ValidatePostSize.php(27): Illuminate\Pipeline\Pipeline->Illuminate\Pipeline\{closure}()
#63 /var/www/html/2toptech-admin/vendor/laravel/framework/src/Illuminate/Pipeline/Pipeline.php(167): Illuminate\Foundation\Http\Middleware\ValidatePostSize->handle()
#64 /var/www/html/2toptech-admin/vendor/laravel/framework/src/Illuminate/Foundation/Http/Middleware/PreventRequestsDuringMaintenance.php(86): Illuminate\Pipeline\Pipeline->Illuminate\Pipeline\{closure}()
#65 /var/www/html/2toptech-admin/vendor/laravel/framework/src/Illuminate/Pipeline/Pipeline.php(167): Illuminate\Foundation\Http\Middleware\PreventRequestsDuringMaintenance->handle()
#66 /var/www/html/2toptech-admin/vendor/fruitcake/laravel-cors/src/HandleCors.php(38): Illuminate\Pipeline\Pipeline->Illuminate\Pipeline\{closure}()
#67 /var/www/html/2toptech-admin/vendor/laravel/framework/src/Illuminate/Pipeline/Pipeline.php(167): Fruitcake\Cors\HandleCors->handle()
#68 /var/www/html/2toptech-admin/vendor/fideloper/proxy/src/TrustProxies.php(57): Illuminate\Pipeline\Pipeline->Illuminate\Pipeline\{closure}()
#69 /var/www/html/2toptech-admin/vendor/laravel/framework/src/Illuminate/Pipeline/Pipeline.php(167): Fideloper\Proxy\TrustProxies->handle()
#70 /var/www/html/2toptech-admin/vendor/laravel/framework/src/Illuminate/Pipeline/Pipeline.php(103): Illuminate\Pipeline\Pipeline->Illuminate\Pipeline\{closure}()
#71 /var/www/html/2toptech-admin/vendor/laravel/framework/src/Illuminate/Foundation/Http/Kernel.php(142): Illuminate\Pipeline\Pipeline->then()
#72 /var/www/html/2toptech-admin/vendor/laravel/framework/src/Illuminate/Foundation/Http/Kernel.php(111): Illuminate\Foundation\Http\Kernel->sendRequestThroughRouter()
#73 /var/www/html/2toptech-admin/public/index.php(52): Illuminate\Foundation\Http\Kernel->handle()
#74 /var/www/html/2toptech-admin/server.php(21): require_once('...')
#75 {main}  
[2023-02-11 06:44:13] local.ERROR: ErrorException: Undefined variable $job in /var/www/html/2toptech-admin/storage/framework/views/87e184ad1305657ce098051cde3553278686f9ef.php:5
Stack trace:
#0 /var/www/html/2toptech-admin/storage/framework/views/87e184ad1305657ce098051cde3553278686f9ef.php(5): Illuminate\Foundation\Bootstrap\HandleExceptions->handleError()
#1 /var/www/html/2toptech-admin/vendor/laravel/framework/src/Illuminate/Filesystem/Filesystem.php(107): require('...')
#2 /var/www/html/2toptech-admin/vendor/laravel/framework/src/Illuminate/Filesystem/Filesystem.php(108): Illuminate\Filesystem\Filesystem::Illuminate\Filesystem\{closure}()
#3 /var/www/html/2toptech-admin/vendor/laravel/framework/src/Illuminate/View/Engines/PhpEngine.php(58): Illuminate\Filesystem\Filesystem->getRequire()
#4 /var/www/html/2toptech-admin/vendor/laravel/framework/src/Illuminate/View/Engines/CompilerEngine.php(61): Illuminate\View\Engines\PhpEngine->evaluatePath()
#5 /var/www/html/2toptech-admin/vendor/facade/ignition/src/Views/Engines/CompilerEngine.php(37): Illuminate\View\Engines\CompilerEngine->get()
#6 /var/www/html/2toptech-admin/vendor/laravel/framework/src/Illuminate/View/View.php(139): Facade\Ignition\Views\Engines\CompilerEngine->get()
#7 /var/www/html/2toptech-admin/vendor/laravel/framework/src/Illuminate/View/View.php(122): Illuminate\View\View->getContents()
#8 /var/www/html/2toptech-admin/vendor/laravel/framework/src/Illuminate/View/View.php(91): Illuminate\View\View->renderContents()
#9 /var/www/html/2toptech-admin/vendor/yajra/laravel-datatables-oracle/src/Utilities/Helper.php(92): Illuminate\View\View->render()
#10 /var/www/html/2toptech-admin/vendor/yajra/laravel-datatables-oracle/src/Utilities/Helper.php(63): Yajra\DataTables\Utilities\Helper::compileBlade()
#11 /var/www/html/2toptech-admin/vendor/yajra/laravel-datatables-oracle/src/Processors/DataProcessor.php(137): Yajra\DataTables\Utilities\Helper::compileContent()
#12 /var/www/html/2toptech-admin/vendor/yajra/laravel-datatables-oracle/src/Processors/DataProcessor.php(106): Yajra\DataTables\Processors\DataProcessor->addColumns()
#13 /var/www/html/2toptech-admin/vendor/yajra/laravel-datatables-oracle/src/DataTableAbstract.php(806): Yajra\DataTables\Processors\DataProcessor->process()
#14 /var/www/html/2toptech-admin/vendor/yajra/laravel-datatables-oracle/src/QueryDataTable.php(102): Yajra\DataTables\DataTableAbstract->processResults()
#15 /var/www/html/2toptech-admin/vendor/yajra/laravel-datatables-oracle/src/DataTableAbstract.php(675): Yajra\DataTables\QueryDataTable->make()
#16 /var/www/html/2toptech-admin/vendor/yajra/laravel-datatables-buttons/src/Services/DataTable.php(227): Yajra\DataTables\DataTableAbstract->toJson()
#17 /var/www/html/2toptech-admin/vendor/laravel/framework/src/Illuminate/Container/BoundMethod.php(36): Yajra\DataTables\Services\DataTable->ajax()
#18 /var/www/html/2toptech-admin/vendor/laravel/framework/src/Illuminate/Container/Util.php(40): Illuminate\Container\BoundMethod::Illuminate\Container\{closure}()
#19 /var/www/html/2toptech-admin/vendor/laravel/framework/src/Illuminate/Container/BoundMethod.php(93): Illuminate\Container\Util::unwrapIfClosure()
#20 /var/www/html/2toptech-admin/vendor/laravel/framework/src/Illuminate/Container/BoundMethod.php(37): Illuminate\Container\BoundMethod::callBoundMethod()
#21 /var/www/html/2toptech-admin/vendor/laravel/framework/src/Illuminate/Container/Container.php(653): Illuminate\Container\BoundMethod::call()
#22 /var/www/html/2toptech-admin/vendor/yajra/laravel-datatables-buttons/src/Services/DataTable.php(177): Illuminate\Container\Container->call()
#23 /var/www/html/2toptech-admin/app/Http/Controllers/JobController.php(25): Yajra\DataTables\Services\DataTable->render()
#24 /var/www/html/2toptech-admin/vendor/laravel/framework/src/Illuminate/Routing/Controller.php(54): App\Http\Controllers\JobController->index()
#25 /var/www/html/2toptech-admin/vendor/laravel/framework/src/Illuminate/Routing/ControllerDispatcher.php(45): Illuminate\Routing\Controller->callAction()
#26 /var/www/html/2toptech-admin/vendor/laravel/framework/src/Illuminate/Routing/Route.php(262): Illuminate\Routing\ControllerDispatcher->dispatch()
#27 /var/www/html/2toptech-admin/vendor/laravel/framework/src/Illuminate/Routing/Route.php(205): Illuminate\Routing\Route->runController()
#28 /var/www/html/2toptech-admin/vendor/laravel/framework/src/Illuminate/Routing/Router.php(721): Illuminate\Routing\Route->run()
#29 /var/www/html/2toptech-admin/vendor/laravel/framework/src/Illuminate/Pipeline/Pipeline.php(128): Illuminate\Routing\Router->Illuminate\Routing\{closure}()
#30 /var/www/html/2toptech-admin/vendor/laravel/framework/src/Illuminate/Auth/Middleware/EnsureEmailIsVerified.php(30): Illuminate\Pipeline\Pipeline->Illuminate\Pipeline\{closure}()
#31 /var/www/html/2toptech-admin/vendor/laravel/framework/src/Illuminate/Pipeline/Pipeline.php(167): Illuminate\Auth\Middleware\EnsureEmailIsVerified->handle()
#32 /var/www/html/2toptech-admin/app/Http/Middleware/LanguageTranslator.php(13): Illuminate\Pipeline\Pipeline->Illuminate\Pipeline\{closure}()
#33 /var/www/html/2toptech-admin/vendor/laravel/framework/src/Illuminate/Pipeline/Pipeline.php(167): App\Http\Middleware\LanguageTranslator->handle()
#34 /var/www/html/2toptech-admin/vendor/laravel/framework/src/Illuminate/Routing/Middleware/SubstituteBindings.php(50): Illuminate\Pipeline\Pipeline->Illuminate\Pipeline\{closure}()
#35 /var/www/html/2toptech-admin/vendor/laravel/framework/src/Illuminate/Pipeline/Pipeline.php(167): Illuminate\Routing\Middleware\SubstituteBindings->handle()
#36 /var/www/html/2toptech-admin/vendor/laravel/framework/src/Illuminate/Auth/Middleware/Authenticate.php(44): Illuminate\Pipeline\Pipeline->Illuminate\Pipeline\{closure}()
#37 /var/www/html/2toptech-admin/vendor/laravel/framework/src/Illuminate/Pipeline/Pipeline.php(167): Illuminate\Auth\Middleware\Authenticate->handle()
#38 /var/www/html/2toptech-admin/vendor/laravel/framework/src/Illuminate/Foundation/Http/Middleware/VerifyCsrfToken.php(78): Illuminate\Pipeline\Pipeline->Illuminate\Pipeline\{closure}()
#39 /var/www/html/2toptech-admin/vendor/laravel/framework/src/Illuminate/Pipeline/Pipeline.php(167): Illuminate\Foundation\Http\Middleware\VerifyCsrfToken->handle()
#40 /var/www/html/2toptech-admin/vendor/laravel/framework/src/Illuminate/View/Middleware/ShareErrorsFromSession.php(49): Illuminate\Pipeline\Pipeline->Illuminate\Pipeline\{closure}()
#41 /var/www/html/2toptech-admin/vendor/laravel/framework/src/Illuminate/Pipeline/Pipeline.php(167): Illuminate\View\Middleware\ShareErrorsFromSession->handle()
#42 /var/www/html/2toptech-admin/vendor/laravel/framework/src/Illuminate/Session/Middleware/StartSession.php(121): Illuminate\Pipeline\Pipeline->Illuminate\Pipeline\{closure}()
#43 /var/www/html/2toptech-admin/vendor/laravel/framework/src/Illuminate/Session/Middleware/StartSession.php(64): Illuminate\Session\Middleware\StartSession->handleStatefulRequest()
#44 /var/www/html/2toptech-admin/vendor/laravel/framework/src/Illuminate/Pipeline/Pipeline.php(167): Illuminate\Session\Middleware\StartSession->handle()
#45 /var/www/html/2toptech-admin/vendor/laravel/framework/src/Illuminate/Cookie/Middleware/AddQueuedCookiesToResponse.php(37): Illuminate\Pipeline\Pipeline->Illuminate\Pipeline\{closure}()
#46 /var/www/html/2toptech-admin/vendor/laravel/framework/src/Illuminate/Pipeline/Pipeline.php(167): Illuminate\Cookie\Middleware\AddQueuedCookiesToResponse->handle()
#47 /var/www/html/2toptech-admin/vendor/laravel/framework/src/Illuminate/Cookie/Middleware/EncryptCookies.php(67): Illuminate\Pipeline\Pipeline->Illuminate\Pipeline\{closure}()
#48 /var/www/html/2toptech-admin/vendor/laravel/framework/src/Illuminate/Pipeline/Pipeline.php(167): Illuminate\Cookie\Middleware\EncryptCookies->handle()
#49 /var/www/html/2toptech-admin/vendor/laravel/framework/src/Illuminate/Pipeline/Pipeline.php(103): Illuminate\Pipeline\Pipeline->Illuminate\Pipeline\{closure}()
#50 /var/www/html/2toptech-admin/vendor/laravel/framework/src/Illuminate/Routing/Router.php(723): Illuminate\Pipeline\Pipeline->then()
#51 /var/www/html/2toptech-admin/vendor/laravel/framework/src/Illuminate/Routing/Router.php(698): Illuminate\Routing\Router->runRouteWithinStack()
#52 /var/www/html/2toptech-admin/vendor/laravel/framework/src/Illuminate/Routing/Router.php(662): Illuminate\Routing\Router->runRoute()
#53 /var/www/html/2toptech-admin/vendor/laravel/framework/src/Illuminate/Routing/Router.php(651): Illuminate\Routing\Router->dispatchToRoute()
#54 /var/www/html/2toptech-admin/vendor/laravel/framework/src/Illuminate/Foundation/Http/Kernel.php(167): Illuminate\Routing\Router->dispatch()
#55 /var/www/html/2toptech-admin/vendor/laravel/framework/src/Illuminate/Pipeline/Pipeline.php(128): Illuminate\Foundation\Http\Kernel->Illuminate\Foundation\Http\{closure}()
#56 /var/www/html/2toptech-admin/vendor/laravel/framework/src/Illuminate/Foundation/Http/Middleware/TransformsRequest.php(21): Illuminate\Pipeline\Pipeline->Illuminate\Pipeline\{closure}()
#57 /var/www/html/2toptech-admin/vendor/laravel/framework/src/Illuminate/Foundation/Http/Middleware/ConvertEmptyStringsToNull.php(31): Illuminate\Foundation\Http\Middleware\TransformsRequest->handle()
#58 /var/www/html/2toptech-admin/vendor/laravel/framework/src/Illuminate/Pipeline/Pipeline.php(167): Illuminate\Foundation\Http\Middleware\ConvertEmptyStringsToNull->handle()
#59 /var/www/html/2toptech-admin/vendor/laravel/framework/src/Illuminate/Foundation/Http/Middleware/TransformsRequest.php(21): Illuminate\Pipeline\Pipeline->Illuminate\Pipeline\{closure}()
#60 /var/www/html/2toptech-admin/vendor/laravel/framework/src/Illuminate/Foundation/Http/Middleware/TrimStrings.php(40): Illuminate\Foundation\Http\Middleware\TransformsRequest->handle()
#61 /var/www/html/2toptech-admin/vendor/laravel/framework/src/Illuminate/Pipeline/Pipeline.php(167): Illuminate\Foundation\Http\Middleware\TrimStrings->handle()
#62 /var/www/html/2toptech-admin/vendor/laravel/framework/src/Illuminate/Foundation/Http/Middleware/ValidatePostSize.php(27): Illuminate\Pipeline\Pipeline->Illuminate\Pipeline\{closure}()
#63 /var/www/html/2toptech-admin/vendor/laravel/framework/src/Illuminate/Pipeline/Pipeline.php(167): Illuminate\Foundation\Http\Middleware\ValidatePostSize->handle()
#64 /var/www/html/2toptech-admin/vendor/laravel/framework/src/Illuminate/Foundation/Http/Middleware/PreventRequestsDuringMaintenance.php(86): Illuminate\Pipeline\Pipeline->Illuminate\Pipeline\{closure}()
#65 /var/www/html/2toptech-admin/vendor/laravel/framework/src/Illuminate/Pipeline/Pipeline.php(167): Illuminate\Foundation\Http\Middleware\PreventRequestsDuringMaintenance->handle()
#66 /var/www/html/2toptech-admin/vendor/fruitcake/laravel-cors/src/HandleCors.php(38): Illuminate\Pipeline\Pipeline->Illuminate\Pipeline\{closure}()
#67 /var/www/html/2toptech-admin/vendor/laravel/framework/src/Illuminate/Pipeline/Pipeline.php(167): Fruitcake\Cors\HandleCors->handle()
#68 /var/www/html/2toptech-admin/vendor/fideloper/proxy/src/TrustProxies.php(57): Illuminate\Pipeline\Pipeline->Illuminate\Pipeline\{closure}()
#69 /var/www/html/2toptech-admin/vendor/laravel/framework/src/Illuminate/Pipeline/Pipeline.php(167): Fideloper\Proxy\TrustProxies->handle()
#70 /var/www/html/2toptech-admin/vendor/laravel/framework/src/Illuminate/Pipeline/Pipeline.php(103): Illuminate\Pipeline\Pipeline->Illuminate\Pipeline\{closure}()
#71 /var/www/html/2toptech-admin/vendor/laravel/framework/src/Illuminate/Foundation/Http/Kernel.php(142): Illuminate\Pipeline\Pipeline->then()
#72 /var/www/html/2toptech-admin/vendor/laravel/framework/src/Illuminate/Foundation/Http/Kernel.php(111): Illuminate\Foundation\Http\Kernel->sendRequestThroughRouter()
#73 /var/www/html/2toptech-admin/public/index.php(52): Illuminate\Foundation\Http\Kernel->handle()
#74 /var/www/html/2toptech-admin/server.php(21): require_once('...')
#75 {main}

Next Facade\Ignition\Exceptions\ViewException: Undefined variable $job (View: /var/www/html/2toptech-admin/resources/views/restaurantjob/action.blade.php) in /var/www/html/2toptech-admin/resources/views/restaurantjob/action.blade.php:5
Stack trace:
#0 /var/www/html/2toptech-admin/resources/views/restaurantjob/action.blade.php(5): Illuminate\Foundation\Bootstrap\HandleExceptions->handleError()
#1 /var/www/html/2toptech-admin/vendor/laravel/framework/src/Illuminate/Filesystem/Filesystem.php(107): require('...')
#2 /var/www/html/2toptech-admin/vendor/laravel/framework/src/Illuminate/Filesystem/Filesystem.php(108): Illuminate\Filesystem\Filesystem::Illuminate\Filesystem\{closure}()
#3 /var/www/html/2toptech-admin/vendor/laravel/framework/src/Illuminate/View/Engines/PhpEngine.php(58): Illuminate\Filesystem\Filesystem->getRequire()
#4 /var/www/html/2toptech-admin/vendor/laravel/framework/src/Illuminate/View/Engines/CompilerEngine.php(61): Illuminate\View\Engines\PhpEngine->evaluatePath()
#5 /var/www/html/2toptech-admin/vendor/facade/ignition/src/Views/Engines/CompilerEngine.php(37): Illuminate\View\Engines\CompilerEngine->get()
#6 /var/www/html/2toptech-admin/vendor/laravel/framework/src/Illuminate/View/View.php(139): Facade\Ignition\Views\Engines\CompilerEngine->get()
#7 /var/www/html/2toptech-admin/vendor/laravel/framework/src/Illuminate/View/View.php(122): Illuminate\View\View->getContents()
#8 /var/www/html/2toptech-admin/vendor/laravel/framework/src/Illuminate/View/View.php(91): Illuminate\View\View->renderContents()
#9 /var/www/html/2toptech-admin/vendor/yajra/laravel-datatables-oracle/src/Utilities/Helper.php(92): Illuminate\View\View->render()
#10 /var/www/html/2toptech-admin/vendor/yajra/laravel-datatables-oracle/src/Utilities/Helper.php(63): Yajra\DataTables\Utilities\Helper::compileBlade()
#11 /var/www/html/2toptech-admin/vendor/yajra/laravel-datatables-oracle/src/Processors/DataProcessor.php(137): Yajra\DataTables\Utilities\Helper::compileContent()
#12 /var/www/html/2toptech-admin/vendor/yajra/laravel-datatables-oracle/src/Processors/DataProcessor.php(106): Yajra\DataTables\Processors\DataProcessor->addColumns()
#13 /var/www/html/2toptech-admin/vendor/yajra/laravel-datatables-oracle/src/DataTableAbstract.php(806): Yajra\DataTables\Processors\DataProcessor->process()
#14 /var/www/html/2toptech-admin/vendor/yajra/laravel-datatables-oracle/src/QueryDataTable.php(102): Yajra\DataTables\DataTableAbstract->processResults()
#15 /var/www/html/2toptech-admin/vendor/yajra/laravel-datatables-oracle/src/DataTableAbstract.php(675): Yajra\DataTables\QueryDataTable->make()
#16 /var/www/html/2toptech-admin/vendor/yajra/laravel-datatables-buttons/src/Services/DataTable.php(227): Yajra\DataTables\DataTableAbstract->toJson()
#17 /var/www/html/2toptech-admin/vendor/laravel/framework/src/Illuminate/Container/BoundMethod.php(36): Yajra\DataTables\Services\DataTable->ajax()
#18 /var/www/html/2toptech-admin/vendor/laravel/framework/src/Illuminate/Container/Util.php(40): Illuminate\Container\BoundMethod::Illuminate\Container\{closure}()
#19 /var/www/html/2toptech-admin/vendor/laravel/framework/src/Illuminate/Container/BoundMethod.php(93): Illuminate\Container\Util::unwrapIfClosure()
#20 /var/www/html/2toptech-admin/vendor/laravel/framework/src/Illuminate/Container/BoundMethod.php(37): Illuminate\Container\BoundMethod::callBoundMethod()
#21 /var/www/html/2toptech-admin/vendor/laravel/framework/src/Illuminate/Container/Container.php(653): Illuminate\Container\BoundMethod::call()
#22 /var/www/html/2toptech-admin/vendor/yajra/laravel-datatables-buttons/src/Services/DataTable.php(177): Illuminate\Container\Container->call()
#23 /var/www/html/2toptech-admin/app/Http/Controllers/JobController.php(25): Yajra\DataTables\Services\DataTable->render()
#24 /var/www/html/2toptech-admin/vendor/laravel/framework/src/Illuminate/Routing/Controller.php(54): App\Http\Controllers\JobController->index()
#25 /var/www/html/2toptech-admin/vendor/laravel/framework/src/Illuminate/Routing/ControllerDispatcher.php(45): Illuminate\Routing\Controller->callAction()
#26 /var/www/html/2toptech-admin/vendor/laravel/framework/src/Illuminate/Routing/Route.php(262): Illuminate\Routing\ControllerDispatcher->dispatch()
#27 /var/www/html/2toptech-admin/vendor/laravel/framework/src/Illuminate/Routing/Route.php(205): Illuminate\Routing\Route->runController()
#28 /var/www/html/2toptech-admin/vendor/laravel/framework/src/Illuminate/Routing/Router.php(721): Illuminate\Routing\Route->run()
#29 /var/www/html/2toptech-admin/vendor/laravel/framework/src/Illuminate/Pipeline/Pipeline.php(128): Illuminate\Routing\Router->Illuminate\Routing\{closure}()
#30 /var/www/html/2toptech-admin/vendor/laravel/framework/src/Illuminate/Auth/Middleware/EnsureEmailIsVerified.php(30): Illuminate\Pipeline\Pipeline->Illuminate\Pipeline\{closure}()
#31 /var/www/html/2toptech-admin/vendor/laravel/framework/src/Illuminate/Pipeline/Pipeline.php(167): Illuminate\Auth\Middleware\EnsureEmailIsVerified->handle()
#32 /var/www/html/2toptech-admin/app/Http/Middleware/LanguageTranslator.php(13): Illuminate\Pipeline\Pipeline->Illuminate\Pipeline\{closure}()
#33 /var/www/html/2toptech-admin/vendor/laravel/framework/src/Illuminate/Pipeline/Pipeline.php(167): App\Http\Middleware\LanguageTranslator->handle()
#34 /var/www/html/2toptech-admin/vendor/laravel/framework/src/Illuminate/Routing/Middleware/SubstituteBindings.php(50): Illuminate\Pipeline\Pipeline->Illuminate\Pipeline\{closure}()
#35 /var/www/html/2toptech-admin/vendor/laravel/framework/src/Illuminate/Pipeline/Pipeline.php(167): Illuminate\Routing\Middleware\SubstituteBindings->handle()
#36 /var/www/html/2toptech-admin/vendor/laravel/framework/src/Illuminate/Auth/Middleware/Authenticate.php(44): Illuminate\Pipeline\Pipeline->Illuminate\Pipeline\{closure}()
#37 /var/www/html/2toptech-admin/vendor/laravel/framework/src/Illuminate/Pipeline/Pipeline.php(167): Illuminate\Auth\Middleware\Authenticate->handle()
#38 /var/www/html/2toptech-admin/vendor/laravel/framework/src/Illuminate/Foundation/Http/Middleware/VerifyCsrfToken.php(78): Illuminate\Pipeline\Pipeline->Illuminate\Pipeline\{closure}()
#39 /var/www/html/2toptech-admin/vendor/laravel/framework/src/Illuminate/Pipeline/Pipeline.php(167): Illuminate\Foundation\Http\Middleware\VerifyCsrfToken->handle()
#40 /var/www/html/2toptech-admin/vendor/laravel/framework/src/Illuminate/View/Middleware/ShareErrorsFromSession.php(49): Illuminate\Pipeline\Pipeline->Illuminate\Pipeline\{closure}()
#41 /var/www/html/2toptech-admin/vendor/laravel/framework/src/Illuminate/Pipeline/Pipeline.php(167): Illuminate\View\Middleware\ShareErrorsFromSession->handle()
#42 /var/www/html/2toptech-admin/vendor/laravel/framework/src/Illuminate/Session/Middleware/StartSession.php(121): Illuminate\Pipeline\Pipeline->Illuminate\Pipeline\{closure}()
#43 /var/www/html/2toptech-admin/vendor/laravel/framework/src/Illuminate/Session/Middleware/StartSession.php(64): Illuminate\Session\Middleware\StartSession->handleStatefulRequest()
#44 /var/www/html/2toptech-admin/vendor/laravel/framework/src/Illuminate/Pipeline/Pipeline.php(167): Illuminate\Session\Middleware\StartSession->handle()
#45 /var/www/html/2toptech-admin/vendor/laravel/framework/src/Illuminate/Cookie/Middleware/AddQueuedCookiesToResponse.php(37): Illuminate\Pipeline\Pipeline->Illuminate\Pipeline\{closure}()
#46 /var/www/html/2toptech-admin/vendor/laravel/framework/src/Illuminate/Pipeline/Pipeline.php(167): Illuminate\Cookie\Middleware\AddQueuedCookiesToResponse->handle()
#47 /var/www/html/2toptech-admin/vendor/laravel/framework/src/Illuminate/Cookie/Middleware/EncryptCookies.php(67): Illuminate\Pipeline\Pipeline->Illuminate\Pipeline\{closure}()
#48 /var/www/html/2toptech-admin/vendor/laravel/framework/src/Illuminate/Pipeline/Pipeline.php(167): Illuminate\Cookie\Middleware\EncryptCookies->handle()
#49 /var/www/html/2toptech-admin/vendor/laravel/framework/src/Illuminate/Pipeline/Pipeline.php(103): Illuminate\Pipeline\Pipeline->Illuminate\Pipeline\{closure}()
#50 /var/www/html/2toptech-admin/vendor/laravel/framework/src/Illuminate/Routing/Router.php(723): Illuminate\Pipeline\Pipeline->then()
#51 /var/www/html/2toptech-admin/vendor/laravel/framework/src/Illuminate/Routing/Router.php(698): Illuminate\Routing\Router->runRouteWithinStack()
#52 /var/www/html/2toptech-admin/vendor/laravel/framework/src/Illuminate/Routing/Router.php(662): Illuminate\Routing\Router->runRoute()
#53 /var/www/html/2toptech-admin/vendor/laravel/framework/src/Illuminate/Routing/Router.php(651): Illuminate\Routing\Router->dispatchToRoute()
#54 /var/www/html/2toptech-admin/vendor/laravel/framework/src/Illuminate/Foundation/Http/Kernel.php(167): Illuminate\Routing\Router->dispatch()
#55 /var/www/html/2toptech-admin/vendor/laravel/framework/src/Illuminate/Pipeline/Pipeline.php(128): Illuminate\Foundation\Http\Kernel->Illuminate\Foundation\Http\{closure}()
#56 /var/www/html/2toptech-admin/vendor/laravel/framework/src/Illuminate/Foundation/Http/Middleware/TransformsRequest.php(21): Illuminate\Pipeline\Pipeline->Illuminate\Pipeline\{closure}()
#57 /var/www/html/2toptech-admin/vendor/laravel/framework/src/Illuminate/Foundation/Http/Middleware/ConvertEmptyStringsToNull.php(31): Illuminate\Foundation\Http\Middleware\TransformsRequest->handle()
#58 /var/www/html/2toptech-admin/vendor/laravel/framework/src/Illuminate/Pipeline/Pipeline.php(167): Illuminate\Foundation\Http\Middleware\ConvertEmptyStringsToNull->handle()
#59 /var/www/html/2toptech-admin/vendor/laravel/framework/src/Illuminate/Foundation/Http/Middleware/TransformsRequest.php(21): Illuminate\Pipeline\Pipeline->Illuminate\Pipeline\{closure}()
#60 /var/www/html/2toptech-admin/vendor/laravel/framework/src/Illuminate/Foundation/Http/Middleware/TrimStrings.php(40): Illuminate\Foundation\Http\Middleware\TransformsRequest->handle()
#61 /var/www/html/2toptech-admin/vendor/laravel/framework/src/Illuminate/Pipeline/Pipeline.php(167): Illuminate\Foundation\Http\Middleware\TrimStrings->handle()
#62 /var/www/html/2toptech-admin/vendor/laravel/framework/src/Illuminate/Foundation/Http/Middleware/ValidatePostSize.php(27): Illuminate\Pipeline\Pipeline->Illuminate\Pipeline\{closure}()
#63 /var/www/html/2toptech-admin/vendor/laravel/framework/src/Illuminate/Pipeline/Pipeline.php(167): Illuminate\Foundation\Http\Middleware\ValidatePostSize->handle()
#64 /var/www/html/2toptech-admin/vendor/laravel/framework/src/Illuminate/Foundation/Http/Middleware/PreventRequestsDuringMaintenance.php(86): Illuminate\Pipeline\Pipeline->Illuminate\Pipeline\{closure}()
#65 /var/www/html/2toptech-admin/vendor/laravel/framework/src/Illuminate/Pipeline/Pipeline.php(167): Illuminate\Foundation\Http\Middleware\PreventRequestsDuringMaintenance->handle()
#66 /var/www/html/2toptech-admin/vendor/fruitcake/laravel-cors/src/HandleCors.php(38): Illuminate\Pipeline\Pipeline->Illuminate\Pipeline\{closure}()
#67 /var/www/html/2toptech-admin/vendor/laravel/framework/src/Illuminate/Pipeline/Pipeline.php(167): Fruitcake\Cors\HandleCors->handle()
#68 /var/www/html/2toptech-admin/vendor/fideloper/proxy/src/TrustProxies.php(57): Illuminate\Pipeline\Pipeline->Illuminate\Pipeline\{closure}()
#69 /var/www/html/2toptech-admin/vendor/laravel/framework/src/Illuminate/Pipeline/Pipeline.php(167): Fideloper\Proxy\TrustProxies->handle()
#70 /var/www/html/2toptech-admin/vendor/laravel/framework/src/Illuminate/Pipeline/Pipeline.php(103): Illuminate\Pipeline\Pipeline->Illuminate\Pipeline\{closure}()
#71 /var/www/html/2toptech-admin/vendor/laravel/framework/src/Illuminate/Foundation/Http/Kernel.php(142): Illuminate\Pipeline\Pipeline->then()
#72 /var/www/html/2toptech-admin/vendor/laravel/framework/src/Illuminate/Foundation/Http/Kernel.php(111): Illuminate\Foundation\Http\Kernel->sendRequestThroughRouter()
#73 /var/www/html/2toptech-admin/public/index.php(52): Illuminate\Foundation\Http\Kernel->handle()
#74 /var/www/html/2toptech-admin/server.php(21): require_once('...')
#75 {main}  
[2023-02-11 06:44:22] local.ERROR: ErrorException: Undefined variable $job in /var/www/html/2toptech-admin/storage/framework/views/87e184ad1305657ce098051cde3553278686f9ef.php:5
Stack trace:
#0 /var/www/html/2toptech-admin/storage/framework/views/87e184ad1305657ce098051cde3553278686f9ef.php(5): Illuminate\Foundation\Bootstrap\HandleExceptions->handleError()
#1 /var/www/html/2toptech-admin/vendor/laravel/framework/src/Illuminate/Filesystem/Filesystem.php(107): require('...')
#2 /var/www/html/2toptech-admin/vendor/laravel/framework/src/Illuminate/Filesystem/Filesystem.php(108): Illuminate\Filesystem\Filesystem::Illuminate\Filesystem\{closure}()
#3 /var/www/html/2toptech-admin/vendor/laravel/framework/src/Illuminate/View/Engines/PhpEngine.php(58): Illuminate\Filesystem\Filesystem->getRequire()
#4 /var/www/html/2toptech-admin/vendor/laravel/framework/src/Illuminate/View/Engines/CompilerEngine.php(61): Illuminate\View\Engines\PhpEngine->evaluatePath()
#5 /var/www/html/2toptech-admin/vendor/facade/ignition/src/Views/Engines/CompilerEngine.php(37): Illuminate\View\Engines\CompilerEngine->get()
#6 /var/www/html/2toptech-admin/vendor/laravel/framework/src/Illuminate/View/View.php(139): Facade\Ignition\Views\Engines\CompilerEngine->get()
#7 /var/www/html/2toptech-admin/vendor/laravel/framework/src/Illuminate/View/View.php(122): Illuminate\View\View->getContents()
#8 /var/www/html/2toptech-admin/vendor/laravel/framework/src/Illuminate/View/View.php(91): Illuminate\View\View->renderContents()
#9 /var/www/html/2toptech-admin/vendor/yajra/laravel-datatables-oracle/src/Utilities/Helper.php(92): Illuminate\View\View->render()
#10 /var/www/html/2toptech-admin/vendor/yajra/laravel-datatables-oracle/src/Utilities/Helper.php(63): Yajra\DataTables\Utilities\Helper::compileBlade()
#11 /var/www/html/2toptech-admin/vendor/yajra/laravel-datatables-oracle/src/Processors/DataProcessor.php(137): Yajra\DataTables\Utilities\Helper::compileContent()
#12 /var/www/html/2toptech-admin/vendor/yajra/laravel-datatables-oracle/src/Processors/DataProcessor.php(106): Yajra\DataTables\Processors\DataProcessor->addColumns()
#13 /var/www/html/2toptech-admin/vendor/yajra/laravel-datatables-oracle/src/DataTableAbstract.php(806): Yajra\DataTables\Processors\DataProcessor->process()
#14 /var/www/html/2toptech-admin/vendor/yajra/laravel-datatables-oracle/src/QueryDataTable.php(102): Yajra\DataTables\DataTableAbstract->processResults()
#15 /var/www/html/2toptech-admin/vendor/yajra/laravel-datatables-oracle/src/DataTableAbstract.php(675): Yajra\DataTables\QueryDataTable->make()
#16 /var/www/html/2toptech-admin/vendor/yajra/laravel-datatables-buttons/src/Services/DataTable.php(227): Yajra\DataTables\DataTableAbstract->toJson()
#17 /var/www/html/2toptech-admin/vendor/laravel/framework/src/Illuminate/Container/BoundMethod.php(36): Yajra\DataTables\Services\DataTable->ajax()
#18 /var/www/html/2toptech-admin/vendor/laravel/framework/src/Illuminate/Container/Util.php(40): Illuminate\Container\BoundMethod::Illuminate\Container\{closure}()
#19 /var/www/html/2toptech-admin/vendor/laravel/framework/src/Illuminate/Container/BoundMethod.php(93): Illuminate\Container\Util::unwrapIfClosure()
#20 /var/www/html/2toptech-admin/vendor/laravel/framework/src/Illuminate/Container/BoundMethod.php(37): Illuminate\Container\BoundMethod::callBoundMethod()
#21 /var/www/html/2toptech-admin/vendor/laravel/framework/src/Illuminate/Container/Container.php(653): Illuminate\Container\BoundMethod::call()
#22 /var/www/html/2toptech-admin/vendor/yajra/laravel-datatables-buttons/src/Services/DataTable.php(177): Illuminate\Container\Container->call()
#23 /var/www/html/2toptech-admin/app/Http/Controllers/JobController.php(25): Yajra\DataTables\Services\DataTable->render()
#24 /var/www/html/2toptech-admin/vendor/laravel/framework/src/Illuminate/Routing/Controller.php(54): App\Http\Controllers\JobController->index()
#25 /var/www/html/2toptech-admin/vendor/laravel/framework/src/Illuminate/Routing/ControllerDispatcher.php(45): Illuminate\Routing\Controller->callAction()
#26 /var/www/html/2toptech-admin/vendor/laravel/framework/src/Illuminate/Routing/Route.php(262): Illuminate\Routing\ControllerDispatcher->dispatch()
#27 /var/www/html/2toptech-admin/vendor/laravel/framework/src/Illuminate/Routing/Route.php(205): Illuminate\Routing\Route->runController()
#28 /var/www/html/2toptech-admin/vendor/laravel/framework/src/Illuminate/Routing/Router.php(721): Illuminate\Routing\Route->run()
#29 /var/www/html/2toptech-admin/vendor/laravel/framework/src/Illuminate/Pipeline/Pipeline.php(128): Illuminate\Routing\Router->Illuminate\Routing\{closure}()
#30 /var/www/html/2toptech-admin/vendor/laravel/framework/src/Illuminate/Auth/Middleware/EnsureEmailIsVerified.php(30): Illuminate\Pipeline\Pipeline->Illuminate\Pipeline\{closure}()
#31 /var/www/html/2toptech-admin/vendor/laravel/framework/src/Illuminate/Pipeline/Pipeline.php(167): Illuminate\Auth\Middleware\EnsureEmailIsVerified->handle()
#32 /var/www/html/2toptech-admin/app/Http/Middleware/LanguageTranslator.php(13): Illuminate\Pipeline\Pipeline->Illuminate\Pipeline\{closure}()
#33 /var/www/html/2toptech-admin/vendor/laravel/framework/src/Illuminate/Pipeline/Pipeline.php(167): App\Http\Middleware\LanguageTranslator->handle()
#34 /var/www/html/2toptech-admin/vendor/laravel/framework/src/Illuminate/Routing/Middleware/SubstituteBindings.php(50): Illuminate\Pipeline\Pipeline->Illuminate\Pipeline\{closure}()
#35 /var/www/html/2toptech-admin/vendor/laravel/framework/src/Illuminate/Pipeline/Pipeline.php(167): Illuminate\Routing\Middleware\SubstituteBindings->handle()
#36 /var/www/html/2toptech-admin/vendor/laravel/framework/src/Illuminate/Auth/Middleware/Authenticate.php(44): Illuminate\Pipeline\Pipeline->Illuminate\Pipeline\{closure}()
#37 /var/www/html/2toptech-admin/vendor/laravel/framework/src/Illuminate/Pipeline/Pipeline.php(167): Illuminate\Auth\Middleware\Authenticate->handle()
#38 /var/www/html/2toptech-admin/vendor/laravel/framework/src/Illuminate/Foundation/Http/Middleware/VerifyCsrfToken.php(78): Illuminate\Pipeline\Pipeline->Illuminate\Pipeline\{closure}()
#39 /var/www/html/2toptech-admin/vendor/laravel/framework/src/Illuminate/Pipeline/Pipeline.php(167): Illuminate\Foundation\Http\Middleware\VerifyCsrfToken->handle()
#40 /var/www/html/2toptech-admin/vendor/laravel/framework/src/Illuminate/View/Middleware/ShareErrorsFromSession.php(49): Illuminate\Pipeline\Pipeline->Illuminate\Pipeline\{closure}()
#41 /var/www/html/2toptech-admin/vendor/laravel/framework/src/Illuminate/Pipeline/Pipeline.php(167): Illuminate\View\Middleware\ShareErrorsFromSession->handle()
#42 /var/www/html/2toptech-admin/vendor/laravel/framework/src/Illuminate/Session/Middleware/StartSession.php(121): Illuminate\Pipeline\Pipeline->Illuminate\Pipeline\{closure}()
#43 /var/www/html/2toptech-admin/vendor/laravel/framework/src/Illuminate/Session/Middleware/StartSession.php(64): Illuminate\Session\Middleware\StartSession->handleStatefulRequest()
#44 /var/www/html/2toptech-admin/vendor/laravel/framework/src/Illuminate/Pipeline/Pipeline.php(167): Illuminate\Session\Middleware\StartSession->handle()
#45 /var/www/html/2toptech-admin/vendor/laravel/framework/src/Illuminate/Cookie/Middleware/AddQueuedCookiesToResponse.php(37): Illuminate\Pipeline\Pipeline->Illuminate\Pipeline\{closure}()
#46 /var/www/html/2toptech-admin/vendor/laravel/framework/src/Illuminate/Pipeline/Pipeline.php(167): Illuminate\Cookie\Middleware\AddQueuedCookiesToResponse->handle()
#47 /var/www/html/2toptech-admin/vendor/laravel/framework/src/Illuminate/Cookie/Middleware/EncryptCookies.php(67): Illuminate\Pipeline\Pipeline->Illuminate\Pipeline\{closure}()
#48 /var/www/html/2toptech-admin/vendor/laravel/framework/src/Illuminate/Pipeline/Pipeline.php(167): Illuminate\Cookie\Middleware\EncryptCookies->handle()
#49 /var/www/html/2toptech-admin/vendor/laravel/framework/src/Illuminate/Pipeline/Pipeline.php(103): Illuminate\Pipeline\Pipeline->Illuminate\Pipeline\{closure}()
#50 /var/www/html/2toptech-admin/vendor/laravel/framework/src/Illuminate/Routing/Router.php(723): Illuminate\Pipeline\Pipeline->then()
#51 /var/www/html/2toptech-admin/vendor/laravel/framework/src/Illuminate/Routing/Router.php(698): Illuminate\Routing\Router->runRouteWithinStack()
#52 /var/www/html/2toptech-admin/vendor/laravel/framework/src/Illuminate/Routing/Router.php(662): Illuminate\Routing\Router->runRoute()
#53 /var/www/html/2toptech-admin/vendor/laravel/framework/src/Illuminate/Routing/Router.php(651): Illuminate\Routing\Router->dispatchToRoute()
#54 /var/www/html/2toptech-admin/vendor/laravel/framework/src/Illuminate/Foundation/Http/Kernel.php(167): Illuminate\Routing\Router->dispatch()
#55 /var/www/html/2toptech-admin/vendor/laravel/framework/src/Illuminate/Pipeline/Pipeline.php(128): Illuminate\Foundation\Http\Kernel->Illuminate\Foundation\Http\{closure}()
#56 /var/www/html/2toptech-admin/vendor/laravel/framework/src/Illuminate/Foundation/Http/Middleware/TransformsRequest.php(21): Illuminate\Pipeline\Pipeline->Illuminate\Pipeline\{closure}()
#57 /var/www/html/2toptech-admin/vendor/laravel/framework/src/Illuminate/Foundation/Http/Middleware/ConvertEmptyStringsToNull.php(31): Illuminate\Foundation\Http\Middleware\TransformsRequest->handle()
#58 /var/www/html/2toptech-admin/vendor/laravel/framework/src/Illuminate/Pipeline/Pipeline.php(167): Illuminate\Foundation\Http\Middleware\ConvertEmptyStringsToNull->handle()
#59 /var/www/html/2toptech-admin/vendor/laravel/framework/src/Illuminate/Foundation/Http/Middleware/TransformsRequest.php(21): Illuminate\Pipeline\Pipeline->Illuminate\Pipeline\{closure}()
#60 /var/www/html/2toptech-admin/vendor/laravel/framework/src/Illuminate/Foundation/Http/Middleware/TrimStrings.php(40): Illuminate\Foundation\Http\Middleware\TransformsRequest->handle()
#61 /var/www/html/2toptech-admin/vendor/laravel/framework/src/Illuminate/Pipeline/Pipeline.php(167): Illuminate\Foundation\Http\Middleware\TrimStrings->handle()
#62 /var/www/html/2toptech-admin/vendor/laravel/framework/src/Illuminate/Foundation/Http/Middleware/ValidatePostSize.php(27): Illuminate\Pipeline\Pipeline->Illuminate\Pipeline\{closure}()
#63 /var/www/html/2toptech-admin/vendor/laravel/framework/src/Illuminate/Pipeline/Pipeline.php(167): Illuminate\Foundation\Http\Middleware\ValidatePostSize->handle()
#64 /var/www/html/2toptech-admin/vendor/laravel/framework/src/Illuminate/Foundation/Http/Middleware/PreventRequestsDuringMaintenance.php(86): Illuminate\Pipeline\Pipeline->Illuminate\Pipeline\{closure}()
#65 /var/www/html/2toptech-admin/vendor/laravel/framework/src/Illuminate/Pipeline/Pipeline.php(167): Illuminate\Foundation\Http\Middleware\PreventRequestsDuringMaintenance->handle()
#66 /var/www/html/2toptech-admin/vendor/fruitcake/laravel-cors/src/HandleCors.php(38): Illuminate\Pipeline\Pipeline->Illuminate\Pipeline\{closure}()
#67 /var/www/html/2toptech-admin/vendor/laravel/framework/src/Illuminate/Pipeline/Pipeline.php(167): Fruitcake\Cors\HandleCors->handle()
#68 /var/www/html/2toptech-admin/vendor/fideloper/proxy/src/TrustProxies.php(57): Illuminate\Pipeline\Pipeline->Illuminate\Pipeline\{closure}()
#69 /var/www/html/2toptech-admin/vendor/laravel/framework/src/Illuminate/Pipeline/Pipeline.php(167): Fideloper\Proxy\TrustProxies->handle()
#70 /var/www/html/2toptech-admin/vendor/laravel/framework/src/Illuminate/Pipeline/Pipeline.php(103): Illuminate\Pipeline\Pipeline->Illuminate\Pipeline\{closure}()
#71 /var/www/html/2toptech-admin/vendor/laravel/framework/src/Illuminate/Foundation/Http/Kernel.php(142): Illuminate\Pipeline\Pipeline->then()
#72 /var/www/html/2toptech-admin/vendor/laravel/framework/src/Illuminate/Foundation/Http/Kernel.php(111): Illuminate\Foundation\Http\Kernel->sendRequestThroughRouter()
#73 /var/www/html/2toptech-admin/public/index.php(52): Illuminate\Foundation\Http\Kernel->handle()
#74 /var/www/html/2toptech-admin/server.php(21): require_once('...')
#75 {main}

Next Facade\Ignition\Exceptions\ViewException: Undefined variable $job (View: /var/www/html/2toptech-admin/resources/views/restaurantjob/action.blade.php) in /var/www/html/2toptech-admin/resources/views/restaurantjob/action.blade.php:5
Stack trace:
#0 /var/www/html/2toptech-admin/resources/views/restaurantjob/action.blade.php(5): Illuminate\Foundation\Bootstrap\HandleExceptions->handleError()
#1 /var/www/html/2toptech-admin/vendor/laravel/framework/src/Illuminate/Filesystem/Filesystem.php(107): require('...')
#2 /var/www/html/2toptech-admin/vendor/laravel/framework/src/Illuminate/Filesystem/Filesystem.php(108): Illuminate\Filesystem\Filesystem::Illuminate\Filesystem\{closure}()
#3 /var/www/html/2toptech-admin/vendor/laravel/framework/src/Illuminate/View/Engines/PhpEngine.php(58): Illuminate\Filesystem\Filesystem->getRequire()
#4 /var/www/html/2toptech-admin/vendor/laravel/framework/src/Illuminate/View/Engines/CompilerEngine.php(61): Illuminate\View\Engines\PhpEngine->evaluatePath()
#5 /var/www/html/2toptech-admin/vendor/facade/ignition/src/Views/Engines/CompilerEngine.php(37): Illuminate\View\Engines\CompilerEngine->get()
#6 /var/www/html/2toptech-admin/vendor/laravel/framework/src/Illuminate/View/View.php(139): Facade\Ignition\Views\Engines\CompilerEngine->get()
#7 /var/www/html/2toptech-admin/vendor/laravel/framework/src/Illuminate/View/View.php(122): Illuminate\View\View->getContents()
#8 /var/www/html/2toptech-admin/vendor/laravel/framework/src/Illuminate/View/View.php(91): Illuminate\View\View->renderContents()
#9 /var/www/html/2toptech-admin/vendor/yajra/laravel-datatables-oracle/src/Utilities/Helper.php(92): Illuminate\View\View->render()
#10 /var/www/html/2toptech-admin/vendor/yajra/laravel-datatables-oracle/src/Utilities/Helper.php(63): Yajra\DataTables\Utilities\Helper::compileBlade()
#11 /var/www/html/2toptech-admin/vendor/yajra/laravel-datatables-oracle/src/Processors/DataProcessor.php(137): Yajra\DataTables\Utilities\Helper::compileContent()
#12 /var/www/html/2toptech-admin/vendor/yajra/laravel-datatables-oracle/src/Processors/DataProcessor.php(106): Yajra\DataTables\Processors\DataProcessor->addColumns()
#13 /var/www/html/2toptech-admin/vendor/yajra/laravel-datatables-oracle/src/DataTableAbstract.php(806): Yajra\DataTables\Processors\DataProcessor->process()
#14 /var/www/html/2toptech-admin/vendor/yajra/laravel-datatables-oracle/src/QueryDataTable.php(102): Yajra\DataTables\DataTableAbstract->processResults()
#15 /var/www/html/2toptech-admin/vendor/yajra/laravel-datatables-oracle/src/DataTableAbstract.php(675): Yajra\DataTables\QueryDataTable->make()
#16 /var/www/html/2toptech-admin/vendor/yajra/laravel-datatables-buttons/src/Services/DataTable.php(227): Yajra\DataTables\DataTableAbstract->toJson()
#17 /var/www/html/2toptech-admin/vendor/laravel/framework/src/Illuminate/Container/BoundMethod.php(36): Yajra\DataTables\Services\DataTable->ajax()
#18 /var/www/html/2toptech-admin/vendor/laravel/framework/src/Illuminate/Container/Util.php(40): Illuminate\Container\BoundMethod::Illuminate\Container\{closure}()
#19 /var/www/html/2toptech-admin/vendor/laravel/framework/src/Illuminate/Container/BoundMethod.php(93): Illuminate\Container\Util::unwrapIfClosure()
#20 /var/www/html/2toptech-admin/vendor/laravel/framework/src/Illuminate/Container/BoundMethod.php(37): Illuminate\Container\BoundMethod::callBoundMethod()
#21 /var/www/html/2toptech-admin/vendor/laravel/framework/src/Illuminate/Container/Container.php(653): Illuminate\Container\BoundMethod::call()
#22 /var/www/html/2toptech-admin/vendor/yajra/laravel-datatables-buttons/src/Services/DataTable.php(177): Illuminate\Container\Container->call()
#23 /var/www/html/2toptech-admin/app/Http/Controllers/JobController.php(25): Yajra\DataTables\Services\DataTable->render()
#24 /var/www/html/2toptech-admin/vendor/laravel/framework/src/Illuminate/Routing/Controller.php(54): App\Http\Controllers\JobController->index()
#25 /var/www/html/2toptech-admin/vendor/laravel/framework/src/Illuminate/Routing/ControllerDispatcher.php(45): Illuminate\Routing\Controller->callAction()
#26 /var/www/html/2toptech-admin/vendor/laravel/framework/src/Illuminate/Routing/Route.php(262): Illuminate\Routing\ControllerDispatcher->dispatch()
#27 /var/www/html/2toptech-admin/vendor/laravel/framework/src/Illuminate/Routing/Route.php(205): Illuminate\Routing\Route->runController()
#28 /var/www/html/2toptech-admin/vendor/laravel/framework/src/Illuminate/Routing/Router.php(721): Illuminate\Routing\Route->run()
#29 /var/www/html/2toptech-admin/vendor/laravel/framework/src/Illuminate/Pipeline/Pipeline.php(128): Illuminate\Routing\Router->Illuminate\Routing\{closure}()
#30 /var/www/html/2toptech-admin/vendor/laravel/framework/src/Illuminate/Auth/Middleware/EnsureEmailIsVerified.php(30): Illuminate\Pipeline\Pipeline->Illuminate\Pipeline\{closure}()
#31 /var/www/html/2toptech-admin/vendor/laravel/framework/src/Illuminate/Pipeline/Pipeline.php(167): Illuminate\Auth\Middleware\EnsureEmailIsVerified->handle()
#32 /var/www/html/2toptech-admin/app/Http/Middleware/LanguageTranslator.php(13): Illuminate\Pipeline\Pipeline->Illuminate\Pipeline\{closure}()
#33 /var/www/html/2toptech-admin/vendor/laravel/framework/src/Illuminate/Pipeline/Pipeline.php(167): App\Http\Middleware\LanguageTranslator->handle()
#34 /var/www/html/2toptech-admin/vendor/laravel/framework/src/Illuminate/Routing/Middleware/SubstituteBindings.php(50): Illuminate\Pipeline\Pipeline->Illuminate\Pipeline\{closure}()
#35 /var/www/html/2toptech-admin/vendor/laravel/framework/src/Illuminate/Pipeline/Pipeline.php(167): Illuminate\Routing\Middleware\SubstituteBindings->handle()
#36 /var/www/html/2toptech-admin/vendor/laravel/framework/src/Illuminate/Auth/Middleware/Authenticate.php(44): Illuminate\Pipeline\Pipeline->Illuminate\Pipeline\{closure}()
#37 /var/www/html/2toptech-admin/vendor/laravel/framework/src/Illuminate/Pipeline/Pipeline.php(167): Illuminate\Auth\Middleware\Authenticate->handle()
#38 /var/www/html/2toptech-admin/vendor/laravel/framework/src/Illuminate/Foundation/Http/Middleware/VerifyCsrfToken.php(78): Illuminate\Pipeline\Pipeline->Illuminate\Pipeline\{closure}()
#39 /var/www/html/2toptech-admin/vendor/laravel/framework/src/Illuminate/Pipeline/Pipeline.php(167): Illuminate\Foundation\Http\Middleware\VerifyCsrfToken->handle()
#40 /var/www/html/2toptech-admin/vendor/laravel/framework/src/Illuminate/View/Middleware/ShareErrorsFromSession.php(49): Illuminate\Pipeline\Pipeline->Illuminate\Pipeline\{closure}()
#41 /var/www/html/2toptech-admin/vendor/laravel/framework/src/Illuminate/Pipeline/Pipeline.php(167): Illuminate\View\Middleware\ShareErrorsFromSession->handle()
#42 /var/www/html/2toptech-admin/vendor/laravel/framework/src/Illuminate/Session/Middleware/StartSession.php(121): Illuminate\Pipeline\Pipeline->Illuminate\Pipeline\{closure}()
#43 /var/www/html/2toptech-admin/vendor/laravel/framework/src/Illuminate/Session/Middleware/StartSession.php(64): Illuminate\Session\Middleware\StartSession->handleStatefulRequest()
#44 /var/www/html/2toptech-admin/vendor/laravel/framework/src/Illuminate/Pipeline/Pipeline.php(167): Illuminate\Session\Middleware\StartSession->handle()
#45 /var/www/html/2toptech-admin/vendor/laravel/framework/src/Illuminate/Cookie/Middleware/AddQueuedCookiesToResponse.php(37): Illuminate\Pipeline\Pipeline->Illuminate\Pipeline\{closure}()
#46 /var/www/html/2toptech-admin/vendor/laravel/framework/src/Illuminate/Pipeline/Pipeline.php(167): Illuminate\Cookie\Middleware\AddQueuedCookiesToResponse->handle()
#47 /var/www/html/2toptech-admin/vendor/laravel/framework/src/Illuminate/Cookie/Middleware/EncryptCookies.php(67): Illuminate\Pipeline\Pipeline->Illuminate\Pipeline\{closure}()
#48 /var/www/html/2toptech-admin/vendor/laravel/framework/src/Illuminate/Pipeline/Pipeline.php(167): Illuminate\Cookie\Middleware\EncryptCookies->handle()
#49 /var/www/html/2toptech-admin/vendor/laravel/framework/src/Illuminate/Pipeline/Pipeline.php(103): Illuminate\Pipeline\Pipeline->Illuminate\Pipeline\{closure}()
#50 /var/www/html/2toptech-admin/vendor/laravel/framework/src/Illuminate/Routing/Router.php(723): Illuminate\Pipeline\Pipeline->then()
#51 /var/www/html/2toptech-admin/vendor/laravel/framework/src/Illuminate/Routing/Router.php(698): Illuminate\Routing\Router->runRouteWithinStack()
#52 /var/www/html/2toptech-admin/vendor/laravel/framework/src/Illuminate/Routing/Router.php(662): Illuminate\Routing\Router->runRoute()
#53 /var/www/html/2toptech-admin/vendor/laravel/framework/src/Illuminate/Routing/Router.php(651): Illuminate\Routing\Router->dispatchToRoute()
#54 /var/www/html/2toptech-admin/vendor/laravel/framework/src/Illuminate/Foundation/Http/Kernel.php(167): Illuminate\Routing\Router->dispatch()
#55 /var/www/html/2toptech-admin/vendor/laravel/framework/src/Illuminate/Pipeline/Pipeline.php(128): Illuminate\Foundation\Http\Kernel->Illuminate\Foundation\Http\{closure}()
#56 /var/www/html/2toptech-admin/vendor/laravel/framework/src/Illuminate/Foundation/Http/Middleware/TransformsRequest.php(21): Illuminate\Pipeline\Pipeline->Illuminate\Pipeline\{closure}()
#57 /var/www/html/2toptech-admin/vendor/laravel/framework/src/Illuminate/Foundation/Http/Middleware/ConvertEmptyStringsToNull.php(31): Illuminate\Foundation\Http\Middleware\TransformsRequest->handle()
#58 /var/www/html/2toptech-admin/vendor/laravel/framework/src/Illuminate/Pipeline/Pipeline.php(167): Illuminate\Foundation\Http\Middleware\ConvertEmptyStringsToNull->handle()
#59 /var/www/html/2toptech-admin/vendor/laravel/framework/src/Illuminate/Foundation/Http/Middleware/TransformsRequest.php(21): Illuminate\Pipeline\Pipeline->Illuminate\Pipeline\{closure}()
#60 /var/www/html/2toptech-admin/vendor/laravel/framework/src/Illuminate/Foundation/Http/Middleware/TrimStrings.php(40): Illuminate\Foundation\Http\Middleware\TransformsRequest->handle()
#61 /var/www/html/2toptech-admin/vendor/laravel/framework/src/Illuminate/Pipeline/Pipeline.php(167): Illuminate\Foundation\Http\Middleware\TrimStrings->handle()
#62 /var/www/html/2toptech-admin/vendor/laravel/framework/src/Illuminate/Foundation/Http/Middleware/ValidatePostSize.php(27): Illuminate\Pipeline\Pipeline->Illuminate\Pipeline\{closure}()
#63 /var/www/html/2toptech-admin/vendor/laravel/framework/src/Illuminate/Pipeline/Pipeline.php(167): Illuminate\Foundation\Http\Middleware\ValidatePostSize->handle()
#64 /var/www/html/2toptech-admin/vendor/laravel/framework/src/Illuminate/Foundation/Http/Middleware/PreventRequestsDuringMaintenance.php(86): Illuminate\Pipeline\Pipeline->Illuminate\Pipeline\{closure}()
#65 /var/www/html/2toptech-admin/vendor/laravel/framework/src/Illuminate/Pipeline/Pipeline.php(167): Illuminate\Foundation\Http\Middleware\PreventRequestsDuringMaintenance->handle()
#66 /var/www/html/2toptech-admin/vendor/fruitcake/laravel-cors/src/HandleCors.php(38): Illuminate\Pipeline\Pipeline->Illuminate\Pipeline\{closure}()
#67 /var/www/html/2toptech-admin/vendor/laravel/framework/src/Illuminate/Pipeline/Pipeline.php(167): Fruitcake\Cors\HandleCors->handle()
#68 /var/www/html/2toptech-admin/vendor/fideloper/proxy/src/TrustProxies.php(57): Illuminate\Pipeline\Pipeline->Illuminate\Pipeline\{closure}()
#69 /var/www/html/2toptech-admin/vendor/laravel/framework/src/Illuminate/Pipeline/Pipeline.php(167): Fideloper\Proxy\TrustProxies->handle()
#70 /var/www/html/2toptech-admin/vendor/laravel/framework/src/Illuminate/Pipeline/Pipeline.php(103): Illuminate\Pipeline\Pipeline->Illuminate\Pipeline\{closure}()
#71 /var/www/html/2toptech-admin/vendor/laravel/framework/src/Illuminate/Foundation/Http/Kernel.php(142): Illuminate\Pipeline\Pipeline->then()
#72 /var/www/html/2toptech-admin/vendor/laravel/framework/src/Illuminate/Foundation/Http/Kernel.php(111): Illuminate\Foundation\Http\Kernel->sendRequestThroughRouter()
#73 /var/www/html/2toptech-admin/public/index.php(52): Illuminate\Foundation\Http\Kernel->handle()
#74 /var/www/html/2toptech-admin/server.php(21): require_once('...')
#75 {main}  
[2023-02-11 06:44:28] local.ERROR: ErrorException: Undefined variable $job in /var/www/html/2toptech-admin/storage/framework/views/87e184ad1305657ce098051cde3553278686f9ef.php:5
Stack trace:
#0 /var/www/html/2toptech-admin/storage/framework/views/87e184ad1305657ce098051cde3553278686f9ef.php(5): Illuminate\Foundation\Bootstrap\HandleExceptions->handleError()
#1 /var/www/html/2toptech-admin/vendor/laravel/framework/src/Illuminate/Filesystem/Filesystem.php(107): require('...')
#2 /var/www/html/2toptech-admin/vendor/laravel/framework/src/Illuminate/Filesystem/Filesystem.php(108): Illuminate\Filesystem\Filesystem::Illuminate\Filesystem\{closure}()
#3 /var/www/html/2toptech-admin/vendor/laravel/framework/src/Illuminate/View/Engines/PhpEngine.php(58): Illuminate\Filesystem\Filesystem->getRequire()
#4 /var/www/html/2toptech-admin/vendor/laravel/framework/src/Illuminate/View/Engines/CompilerEngine.php(61): Illuminate\View\Engines\PhpEngine->evaluatePath()
#5 /var/www/html/2toptech-admin/vendor/facade/ignition/src/Views/Engines/CompilerEngine.php(37): Illuminate\View\Engines\CompilerEngine->get()
#6 /var/www/html/2toptech-admin/vendor/laravel/framework/src/Illuminate/View/View.php(139): Facade\Ignition\Views\Engines\CompilerEngine->get()
#7 /var/www/html/2toptech-admin/vendor/laravel/framework/src/Illuminate/View/View.php(122): Illuminate\View\View->getContents()
#8 /var/www/html/2toptech-admin/vendor/laravel/framework/src/Illuminate/View/View.php(91): Illuminate\View\View->renderContents()
#9 /var/www/html/2toptech-admin/vendor/yajra/laravel-datatables-oracle/src/Utilities/Helper.php(92): Illuminate\View\View->render()
#10 /var/www/html/2toptech-admin/vendor/yajra/laravel-datatables-oracle/src/Utilities/Helper.php(63): Yajra\DataTables\Utilities\Helper::compileBlade()
#11 /var/www/html/2toptech-admin/vendor/yajra/laravel-datatables-oracle/src/Processors/DataProcessor.php(137): Yajra\DataTables\Utilities\Helper::compileContent()
#12 /var/www/html/2toptech-admin/vendor/yajra/laravel-datatables-oracle/src/Processors/DataProcessor.php(106): Yajra\DataTables\Processors\DataProcessor->addColumns()
#13 /var/www/html/2toptech-admin/vendor/yajra/laravel-datatables-oracle/src/DataTableAbstract.php(806): Yajra\DataTables\Processors\DataProcessor->process()
#14 /var/www/html/2toptech-admin/vendor/yajra/laravel-datatables-oracle/src/QueryDataTable.php(102): Yajra\DataTables\DataTableAbstract->processResults()
#15 /var/www/html/2toptech-admin/vendor/yajra/laravel-datatables-oracle/src/DataTableAbstract.php(675): Yajra\DataTables\QueryDataTable->make()
#16 /var/www/html/2toptech-admin/vendor/yajra/laravel-datatables-buttons/src/Services/DataTable.php(227): Yajra\DataTables\DataTableAbstract->toJson()
#17 /var/www/html/2toptech-admin/vendor/laravel/framework/src/Illuminate/Container/BoundMethod.php(36): Yajra\DataTables\Services\DataTable->ajax()
#18 /var/www/html/2toptech-admin/vendor/laravel/framework/src/Illuminate/Container/Util.php(40): Illuminate\Container\BoundMethod::Illuminate\Container\{closure}()
#19 /var/www/html/2toptech-admin/vendor/laravel/framework/src/Illuminate/Container/BoundMethod.php(93): Illuminate\Container\Util::unwrapIfClosure()
#20 /var/www/html/2toptech-admin/vendor/laravel/framework/src/Illuminate/Container/BoundMethod.php(37): Illuminate\Container\BoundMethod::callBoundMethod()
#21 /var/www/html/2toptech-admin/vendor/laravel/framework/src/Illuminate/Container/Container.php(653): Illuminate\Container\BoundMethod::call()
#22 /var/www/html/2toptech-admin/vendor/yajra/laravel-datatables-buttons/src/Services/DataTable.php(177): Illuminate\Container\Container->call()
#23 /var/www/html/2toptech-admin/app/Http/Controllers/JobController.php(25): Yajra\DataTables\Services\DataTable->render()
#24 /var/www/html/2toptech-admin/vendor/laravel/framework/src/Illuminate/Routing/Controller.php(54): App\Http\Controllers\JobController->index()
#25 /var/www/html/2toptech-admin/vendor/laravel/framework/src/Illuminate/Routing/ControllerDispatcher.php(45): Illuminate\Routing\Controller->callAction()
#26 /var/www/html/2toptech-admin/vendor/laravel/framework/src/Illuminate/Routing/Route.php(262): Illuminate\Routing\ControllerDispatcher->dispatch()
#27 /var/www/html/2toptech-admin/vendor/laravel/framework/src/Illuminate/Routing/Route.php(205): Illuminate\Routing\Route->runController()
#28 /var/www/html/2toptech-admin/vendor/laravel/framework/src/Illuminate/Routing/Router.php(721): Illuminate\Routing\Route->run()
#29 /var/www/html/2toptech-admin/vendor/laravel/framework/src/Illuminate/Pipeline/Pipeline.php(128): Illuminate\Routing\Router->Illuminate\Routing\{closure}()
#30 /var/www/html/2toptech-admin/vendor/laravel/framework/src/Illuminate/Auth/Middleware/EnsureEmailIsVerified.php(30): Illuminate\Pipeline\Pipeline->Illuminate\Pipeline\{closure}()
#31 /var/www/html/2toptech-admin/vendor/laravel/framework/src/Illuminate/Pipeline/Pipeline.php(167): Illuminate\Auth\Middleware\EnsureEmailIsVerified->handle()
#32 /var/www/html/2toptech-admin/app/Http/Middleware/LanguageTranslator.php(13): Illuminate\Pipeline\Pipeline->Illuminate\Pipeline\{closure}()
#33 /var/www/html/2toptech-admin/vendor/laravel/framework/src/Illuminate/Pipeline/Pipeline.php(167): App\Http\Middleware\LanguageTranslator->handle()
#34 /var/www/html/2toptech-admin/vendor/laravel/framework/src/Illuminate/Routing/Middleware/SubstituteBindings.php(50): Illuminate\Pipeline\Pipeline->Illuminate\Pipeline\{closure}()
#35 /var/www/html/2toptech-admin/vendor/laravel/framework/src/Illuminate/Pipeline/Pipeline.php(167): Illuminate\Routing\Middleware\SubstituteBindings->handle()
#36 /var/www/html/2toptech-admin/vendor/laravel/framework/src/Illuminate/Auth/Middleware/Authenticate.php(44): Illuminate\Pipeline\Pipeline->Illuminate\Pipeline\{closure}()
#37 /var/www/html/2toptech-admin/vendor/laravel/framework/src/Illuminate/Pipeline/Pipeline.php(167): Illuminate\Auth\Middleware\Authenticate->handle()
#38 /var/www/html/2toptech-admin/vendor/laravel/framework/src/Illuminate/Foundation/Http/Middleware/VerifyCsrfToken.php(78): Illuminate\Pipeline\Pipeline->Illuminate\Pipeline\{closure}()
#39 /var/www/html/2toptech-admin/vendor/laravel/framework/src/Illuminate/Pipeline/Pipeline.php(167): Illuminate\Foundation\Http\Middleware\VerifyCsrfToken->handle()
#40 /var/www/html/2toptech-admin/vendor/laravel/framework/src/Illuminate/View/Middleware/ShareErrorsFromSession.php(49): Illuminate\Pipeline\Pipeline->Illuminate\Pipeline\{closure}()
#41 /var/www/html/2toptech-admin/vendor/laravel/framework/src/Illuminate/Pipeline/Pipeline.php(167): Illuminate\View\Middleware\ShareErrorsFromSession->handle()
#42 /var/www/html/2toptech-admin/vendor/laravel/framework/src/Illuminate/Session/Middleware/StartSession.php(121): Illuminate\Pipeline\Pipeline->Illuminate\Pipeline\{closure}()
#43 /var/www/html/2toptech-admin/vendor/laravel/framework/src/Illuminate/Session/Middleware/StartSession.php(64): Illuminate\Session\Middleware\StartSession->handleStatefulRequest()
#44 /var/www/html/2toptech-admin/vendor/laravel/framework/src/Illuminate/Pipeline/Pipeline.php(167): Illuminate\Session\Middleware\StartSession->handle()
#45 /var/www/html/2toptech-admin/vendor/laravel/framework/src/Illuminate/Cookie/Middleware/AddQueuedCookiesToResponse.php(37): Illuminate\Pipeline\Pipeline->Illuminate\Pipeline\{closure}()
#46 /var/www/html/2toptech-admin/vendor/laravel/framework/src/Illuminate/Pipeline/Pipeline.php(167): Illuminate\Cookie\Middleware\AddQueuedCookiesToResponse->handle()
#47 /var/www/html/2toptech-admin/vendor/laravel/framework/src/Illuminate/Cookie/Middleware/EncryptCookies.php(67): Illuminate\Pipeline\Pipeline->Illuminate\Pipeline\{closure}()
#48 /var/www/html/2toptech-admin/vendor/laravel/framework/src/Illuminate/Pipeline/Pipeline.php(167): Illuminate\Cookie\Middleware\EncryptCookies->handle()
#49 /var/www/html/2toptech-admin/vendor/laravel/framework/src/Illuminate/Pipeline/Pipeline.php(103): Illuminate\Pipeline\Pipeline->Illuminate\Pipeline\{closure}()
#50 /var/www/html/2toptech-admin/vendor/laravel/framework/src/Illuminate/Routing/Router.php(723): Illuminate\Pipeline\Pipeline->then()
#51 /var/www/html/2toptech-admin/vendor/laravel/framework/src/Illuminate/Routing/Router.php(698): Illuminate\Routing\Router->runRouteWithinStack()
#52 /var/www/html/2toptech-admin/vendor/laravel/framework/src/Illuminate/Routing/Router.php(662): Illuminate\Routing\Router->runRoute()
#53 /var/www/html/2toptech-admin/vendor/laravel/framework/src/Illuminate/Routing/Router.php(651): Illuminate\Routing\Router->dispatchToRoute()
#54 /var/www/html/2toptech-admin/vendor/laravel/framework/src/Illuminate/Foundation/Http/Kernel.php(167): Illuminate\Routing\Router->dispatch()
#55 /var/www/html/2toptech-admin/vendor/laravel/framework/src/Illuminate/Pipeline/Pipeline.php(128): Illuminate\Foundation\Http\Kernel->Illuminate\Foundation\Http\{closure}()
#56 /var/www/html/2toptech-admin/vendor/laravel/framework/src/Illuminate/Foundation/Http/Middleware/TransformsRequest.php(21): Illuminate\Pipeline\Pipeline->Illuminate\Pipeline\{closure}()
#57 /var/www/html/2toptech-admin/vendor/laravel/framework/src/Illuminate/Foundation/Http/Middleware/ConvertEmptyStringsToNull.php(31): Illuminate\Foundation\Http\Middleware\TransformsRequest->handle()
#58 /var/www/html/2toptech-admin/vendor/laravel/framework/src/Illuminate/Pipeline/Pipeline.php(167): Illuminate\Foundation\Http\Middleware\ConvertEmptyStringsToNull->handle()
#59 /var/www/html/2toptech-admin/vendor/laravel/framework/src/Illuminate/Foundation/Http/Middleware/TransformsRequest.php(21): Illuminate\Pipeline\Pipeline->Illuminate\Pipeline\{closure}()
#60 /var/www/html/2toptech-admin/vendor/laravel/framework/src/Illuminate/Foundation/Http/Middleware/TrimStrings.php(40): Illuminate\Foundation\Http\Middleware\TransformsRequest->handle()
#61 /var/www/html/2toptech-admin/vendor/laravel/framework/src/Illuminate/Pipeline/Pipeline.php(167): Illuminate\Foundation\Http\Middleware\TrimStrings->handle()
#62 /var/www/html/2toptech-admin/vendor/laravel/framework/src/Illuminate/Foundation/Http/Middleware/ValidatePostSize.php(27): Illuminate\Pipeline\Pipeline->Illuminate\Pipeline\{closure}()
#63 /var/www/html/2toptech-admin/vendor/laravel/framework/src/Illuminate/Pipeline/Pipeline.php(167): Illuminate\Foundation\Http\Middleware\ValidatePostSize->handle()
#64 /var/www/html/2toptech-admin/vendor/laravel/framework/src/Illuminate/Foundation/Http/Middleware/PreventRequestsDuringMaintenance.php(86): Illuminate\Pipeline\Pipeline->Illuminate\Pipeline\{closure}()
#65 /var/www/html/2toptech-admin/vendor/laravel/framework/src/Illuminate/Pipeline/Pipeline.php(167): Illuminate\Foundation\Http\Middleware\PreventRequestsDuringMaintenance->handle()
#66 /var/www/html/2toptech-admin/vendor/fruitcake/laravel-cors/src/HandleCors.php(38): Illuminate\Pipeline\Pipeline->Illuminate\Pipeline\{closure}()
#67 /var/www/html/2toptech-admin/vendor/laravel/framework/src/Illuminate/Pipeline/Pipeline.php(167): Fruitcake\Cors\HandleCors->handle()
#68 /var/www/html/2toptech-admin/vendor/fideloper/proxy/src/TrustProxies.php(57): Illuminate\Pipeline\Pipeline->Illuminate\Pipeline\{closure}()
#69 /var/www/html/2toptech-admin/vendor/laravel/framework/src/Illuminate/Pipeline/Pipeline.php(167): Fideloper\Proxy\TrustProxies->handle()
#70 /var/www/html/2toptech-admin/vendor/laravel/framework/src/Illuminate/Pipeline/Pipeline.php(103): Illuminate\Pipeline\Pipeline->Illuminate\Pipeline\{closure}()
#71 /var/www/html/2toptech-admin/vendor/laravel/framework/src/Illuminate/Foundation/Http/Kernel.php(142): Illuminate\Pipeline\Pipeline->then()
#72 /var/www/html/2toptech-admin/vendor/laravel/framework/src/Illuminate/Foundation/Http/Kernel.php(111): Illuminate\Foundation\Http\Kernel->sendRequestThroughRouter()
#73 /var/www/html/2toptech-admin/public/index.php(52): Illuminate\Foundation\Http\Kernel->handle()
#74 /var/www/html/2toptech-admin/server.php(21): require_once('...')
#75 {main}

Next Facade\Ignition\Exceptions\ViewException: Undefined variable $job (View: /var/www/html/2toptech-admin/resources/views/restaurantjob/action.blade.php) in /var/www/html/2toptech-admin/resources/views/restaurantjob/action.blade.php:5
Stack trace:
#0 /var/www/html/2toptech-admin/resources/views/restaurantjob/action.blade.php(5): Illuminate\Foundation\Bootstrap\HandleExceptions->handleError()
#1 /var/www/html/2toptech-admin/vendor/laravel/framework/src/Illuminate/Filesystem/Filesystem.php(107): require('...')
#2 /var/www/html/2toptech-admin/vendor/laravel/framework/src/Illuminate/Filesystem/Filesystem.php(108): Illuminate\Filesystem\Filesystem::Illuminate\Filesystem\{closure}()
#3 /var/www/html/2toptech-admin/vendor/laravel/framework/src/Illuminate/View/Engines/PhpEngine.php(58): Illuminate\Filesystem\Filesystem->getRequire()
#4 /var/www/html/2toptech-admin/vendor/laravel/framework/src/Illuminate/View/Engines/CompilerEngine.php(61): Illuminate\View\Engines\PhpEngine->evaluatePath()
#5 /var/www/html/2toptech-admin/vendor/facade/ignition/src/Views/Engines/CompilerEngine.php(37): Illuminate\View\Engines\CompilerEngine->get()
#6 /var/www/html/2toptech-admin/vendor/laravel/framework/src/Illuminate/View/View.php(139): Facade\Ignition\Views\Engines\CompilerEngine->get()
#7 /var/www/html/2toptech-admin/vendor/laravel/framework/src/Illuminate/View/View.php(122): Illuminate\View\View->getContents()
#8 /var/www/html/2toptech-admin/vendor/laravel/framework/src/Illuminate/View/View.php(91): Illuminate\View\View->renderContents()
#9 /var/www/html/2toptech-admin/vendor/yajra/laravel-datatables-oracle/src/Utilities/Helper.php(92): Illuminate\View\View->render()
#10 /var/www/html/2toptech-admin/vendor/yajra/laravel-datatables-oracle/src/Utilities/Helper.php(63): Yajra\DataTables\Utilities\Helper::compileBlade()
#11 /var/www/html/2toptech-admin/vendor/yajra/laravel-datatables-oracle/src/Processors/DataProcessor.php(137): Yajra\DataTables\Utilities\Helper::compileContent()
#12 /var/www/html/2toptech-admin/vendor/yajra/laravel-datatables-oracle/src/Processors/DataProcessor.php(106): Yajra\DataTables\Processors\DataProcessor->addColumns()
#13 /var/www/html/2toptech-admin/vendor/yajra/laravel-datatables-oracle/src/DataTableAbstract.php(806): Yajra\DataTables\Processors\DataProcessor->process()
#14 /var/www/html/2toptech-admin/vendor/yajra/laravel-datatables-oracle/src/QueryDataTable.php(102): Yajra\DataTables\DataTableAbstract->processResults()
#15 /var/www/html/2toptech-admin/vendor/yajra/laravel-datatables-oracle/src/DataTableAbstract.php(675): Yajra\DataTables\QueryDataTable->make()
#16 /var/www/html/2toptech-admin/vendor/yajra/laravel-datatables-buttons/src/Services/DataTable.php(227): Yajra\DataTables\DataTableAbstract->toJson()
#17 /var/www/html/2toptech-admin/vendor/laravel/framework/src/Illuminate/Container/BoundMethod.php(36): Yajra\DataTables\Services\DataTable->ajax()
#18 /var/www/html/2toptech-admin/vendor/laravel/framework/src/Illuminate/Container/Util.php(40): Illuminate\Container\BoundMethod::Illuminate\Container\{closure}()
#19 /var/www/html/2toptech-admin/vendor/laravel/framework/src/Illuminate/Container/BoundMethod.php(93): Illuminate\Container\Util::unwrapIfClosure()
#20 /var/www/html/2toptech-admin/vendor/laravel/framework/src/Illuminate/Container/BoundMethod.php(37): Illuminate\Container\BoundMethod::callBoundMethod()
#21 /var/www/html/2toptech-admin/vendor/laravel/framework/src/Illuminate/Container/Container.php(653): Illuminate\Container\BoundMethod::call()
#22 /var/www/html/2toptech-admin/vendor/yajra/laravel-datatables-buttons/src/Services/DataTable.php(177): Illuminate\Container\Container->call()
#23 /var/www/html/2toptech-admin/app/Http/Controllers/JobController.php(25): Yajra\DataTables\Services\DataTable->render()
#24 /var/www/html/2toptech-admin/vendor/laravel/framework/src/Illuminate/Routing/Controller.php(54): App\Http\Controllers\JobController->index()
#25 /var/www/html/2toptech-admin/vendor/laravel/framework/src/Illuminate/Routing/ControllerDispatcher.php(45): Illuminate\Routing\Controller->callAction()
#26 /var/www/html/2toptech-admin/vendor/laravel/framework/src/Illuminate/Routing/Route.php(262): Illuminate\Routing\ControllerDispatcher->dispatch()
#27 /var/www/html/2toptech-admin/vendor/laravel/framework/src/Illuminate/Routing/Route.php(205): Illuminate\Routing\Route->runController()
#28 /var/www/html/2toptech-admin/vendor/laravel/framework/src/Illuminate/Routing/Router.php(721): Illuminate\Routing\Route->run()
#29 /var/www/html/2toptech-admin/vendor/laravel/framework/src/Illuminate/Pipeline/Pipeline.php(128): Illuminate\Routing\Router->Illuminate\Routing\{closure}()
#30 /var/www/html/2toptech-admin/vendor/laravel/framework/src/Illuminate/Auth/Middleware/EnsureEmailIsVerified.php(30): Illuminate\Pipeline\Pipeline->Illuminate\Pipeline\{closure}()
#31 /var/www/html/2toptech-admin/vendor/laravel/framework/src/Illuminate/Pipeline/Pipeline.php(167): Illuminate\Auth\Middleware\EnsureEmailIsVerified->handle()
#32 /var/www/html/2toptech-admin/app/Http/Middleware/LanguageTranslator.php(13): Illuminate\Pipeline\Pipeline->Illuminate\Pipeline\{closure}()
#33 /var/www/html/2toptech-admin/vendor/laravel/framework/src/Illuminate/Pipeline/Pipeline.php(167): App\Http\Middleware\LanguageTranslator->handle()
#34 /var/www/html/2toptech-admin/vendor/laravel/framework/src/Illuminate/Routing/Middleware/SubstituteBindings.php(50): Illuminate\Pipeline\Pipeline->Illuminate\Pipeline\{closure}()
#35 /var/www/html/2toptech-admin/vendor/laravel/framework/src/Illuminate/Pipeline/Pipeline.php(167): Illuminate\Routing\Middleware\SubstituteBindings->handle()
#36 /var/www/html/2toptech-admin/vendor/laravel/framework/src/Illuminate/Auth/Middleware/Authenticate.php(44): Illuminate\Pipeline\Pipeline->Illuminate\Pipeline\{closure}()
#37 /var/www/html/2toptech-admin/vendor/laravel/framework/src/Illuminate/Pipeline/Pipeline.php(167): Illuminate\Auth\Middleware\Authenticate->handle()
#38 /var/www/html/2toptech-admin/vendor/laravel/framework/src/Illuminate/Foundation/Http/Middleware/VerifyCsrfToken.php(78): Illuminate\Pipeline\Pipeline->Illuminate\Pipeline\{closure}()
#39 /var/www/html/2toptech-admin/vendor/laravel/framework/src/Illuminate/Pipeline/Pipeline.php(167): Illuminate\Foundation\Http\Middleware\VerifyCsrfToken->handle()
#40 /var/www/html/2toptech-admin/vendor/laravel/framework/src/Illuminate/View/Middleware/ShareErrorsFromSession.php(49): Illuminate\Pipeline\Pipeline->Illuminate\Pipeline\{closure}()
#41 /var/www/html/2toptech-admin/vendor/laravel/framework/src/Illuminate/Pipeline/Pipeline.php(167): Illuminate\View\Middleware\ShareErrorsFromSession->handle()
#42 /var/www/html/2toptech-admin/vendor/laravel/framework/src/Illuminate/Session/Middleware/StartSession.php(121): Illuminate\Pipeline\Pipeline->Illuminate\Pipeline\{closure}()
#43 /var/www/html/2toptech-admin/vendor/laravel/framework/src/Illuminate/Session/Middleware/StartSession.php(64): Illuminate\Session\Middleware\StartSession->handleStatefulRequest()
#44 /var/www/html/2toptech-admin/vendor/laravel/framework/src/Illuminate/Pipeline/Pipeline.php(167): Illuminate\Session\Middleware\StartSession->handle()
#45 /var/www/html/2toptech-admin/vendor/laravel/framework/src/Illuminate/Cookie/Middleware/AddQueuedCookiesToResponse.php(37): Illuminate\Pipeline\Pipeline->Illuminate\Pipeline\{closure}()
#46 /var/www/html/2toptech-admin/vendor/laravel/framework/src/Illuminate/Pipeline/Pipeline.php(167): Illuminate\Cookie\Middleware\AddQueuedCookiesToResponse->handle()
#47 /var/www/html/2toptech-admin/vendor/laravel/framework/src/Illuminate/Cookie/Middleware/EncryptCookies.php(67): Illuminate\Pipeline\Pipeline->Illuminate\Pipeline\{closure}()
#48 /var/www/html/2toptech-admin/vendor/laravel/framework/src/Illuminate/Pipeline/Pipeline.php(167): Illuminate\Cookie\Middleware\EncryptCookies->handle()
#49 /var/www/html/2toptech-admin/vendor/laravel/framework/src/Illuminate/Pipeline/Pipeline.php(103): Illuminate\Pipeline\Pipeline->Illuminate\Pipeline\{closure}()
#50 /var/www/html/2toptech-admin/vendor/laravel/framework/src/Illuminate/Routing/Router.php(723): Illuminate\Pipeline\Pipeline->then()
#51 /var/www/html/2toptech-admin/vendor/laravel/framework/src/Illuminate/Routing/Router.php(698): Illuminate\Routing\Router->runRouteWithinStack()
#52 /var/www/html/2toptech-admin/vendor/laravel/framework/src/Illuminate/Routing/Router.php(662): Illuminate\Routing\Router->runRoute()
#53 /var/www/html/2toptech-admin/vendor/laravel/framework/src/Illuminate/Routing/Router.php(651): Illuminate\Routing\Router->dispatchToRoute()
#54 /var/www/html/2toptech-admin/vendor/laravel/framework/src/Illuminate/Foundation/Http/Kernel.php(167): Illuminate\Routing\Router->dispatch()
#55 /var/www/html/2toptech-admin/vendor/laravel/framework/src/Illuminate/Pipeline/Pipeline.php(128): Illuminate\Foundation\Http\Kernel->Illuminate\Foundation\Http\{closure}()
#56 /var/www/html/2toptech-admin/vendor/laravel/framework/src/Illuminate/Foundation/Http/Middleware/TransformsRequest.php(21): Illuminate\Pipeline\Pipeline->Illuminate\Pipeline\{closure}()
#57 /var/www/html/2toptech-admin/vendor/laravel/framework/src/Illuminate/Foundation/Http/Middleware/ConvertEmptyStringsToNull.php(31): Illuminate\Foundation\Http\Middleware\TransformsRequest->handle()
#58 /var/www/html/2toptech-admin/vendor/laravel/framework/src/Illuminate/Pipeline/Pipeline.php(167): Illuminate\Foundation\Http\Middleware\ConvertEmptyStringsToNull->handle()
#59 /var/www/html/2toptech-admin/vendor/laravel/framework/src/Illuminate/Foundation/Http/Middleware/TransformsRequest.php(21): Illuminate\Pipeline\Pipeline->Illuminate\Pipeline\{closure}()
#60 /var/www/html/2toptech-admin/vendor/laravel/framework/src/Illuminate/Foundation/Http/Middleware/TrimStrings.php(40): Illuminate\Foundation\Http\Middleware\TransformsRequest->handle()
#61 /var/www/html/2toptech-admin/vendor/laravel/framework/src/Illuminate/Pipeline/Pipeline.php(167): Illuminate\Foundation\Http\Middleware\TrimStrings->handle()
#62 /var/www/html/2toptech-admin/vendor/laravel/framework/src/Illuminate/Foundation/Http/Middleware/ValidatePostSize.php(27): Illuminate\Pipeline\Pipeline->Illuminate\Pipeline\{closure}()
#63 /var/www/html/2toptech-admin/vendor/laravel/framework/src/Illuminate/Pipeline/Pipeline.php(167): Illuminate\Foundation\Http\Middleware\ValidatePostSize->handle()
#64 /var/www/html/2toptech-admin/vendor/laravel/framework/src/Illuminate/Foundation/Http/Middleware/PreventRequestsDuringMaintenance.php(86): Illuminate\Pipeline\Pipeline->Illuminate\Pipeline\{closure}()
#65 /var/www/html/2toptech-admin/vendor/laravel/framework/src/Illuminate/Pipeline/Pipeline.php(167): Illuminate\Foundation\Http\Middleware\PreventRequestsDuringMaintenance->handle()
#66 /var/www/html/2toptech-admin/vendor/fruitcake/laravel-cors/src/HandleCors.php(38): Illuminate\Pipeline\Pipeline->Illuminate\Pipeline\{closure}()
#67 /var/www/html/2toptech-admin/vendor/laravel/framework/src/Illuminate/Pipeline/Pipeline.php(167): Fruitcake\Cors\HandleCors->handle()
#68 /var/www/html/2toptech-admin/vendor/fideloper/proxy/src/TrustProxies.php(57): Illuminate\Pipeline\Pipeline->Illuminate\Pipeline\{closure}()
#69 /var/www/html/2toptech-admin/vendor/laravel/framework/src/Illuminate/Pipeline/Pipeline.php(167): Fideloper\Proxy\TrustProxies->handle()
#70 /var/www/html/2toptech-admin/vendor/laravel/framework/src/Illuminate/Pipeline/Pipeline.php(103): Illuminate\Pipeline\Pipeline->Illuminate\Pipeline\{closure}()
#71 /var/www/html/2toptech-admin/vendor/laravel/framework/src/Illuminate/Foundation/Http/Kernel.php(142): Illuminate\Pipeline\Pipeline->then()
#72 /var/www/html/2toptech-admin/vendor/laravel/framework/src/Illuminate/Foundation/Http/Kernel.php(111): Illuminate\Foundation\Http\Kernel->sendRequestThroughRouter()
#73 /var/www/html/2toptech-admin/public/index.php(52): Illuminate\Foundation\Http\Kernel->handle()
#74 /var/www/html/2toptech-admin/server.php(21): require_once('...')
#75 {main}  
